2025-03-24T15:17:46.529+0530 INFO Opening the WebApplication
2025-03-24T15:18:09.554+0530 INFO Successfully Opened the Web Application
2025-03-24T15:18:09.571+0530 INFO Signing up to the application
2025-03-24T15:18:15.579+0530 INFO Successfully Signedup to the application
2025-03-24T15:30:14.633+0530 INFO Successfully open the Web application
2025-03-24T15:30:18.960+0530 INFO Hover the campaign module
2025-03-24T15:30:26.229+0530 INFO Hover the campaign module
2025-03-24T15:30:33.580+0530 INFO Hover the campaign module
2025-03-24T15:30:39.877+0530 INFO Hover the campaign module
2025-03-24T15:30:48.112+0530 INFO Hover the campaign module
2025-03-24T15:30:56.372+0530 INFO Hover the campaign module
2025-03-24T15:31:04.646+0530 INFO Hover the campaign module
2025-03-24T15:31:10.856+0530 INFO Hover the campaign module
2025-03-24T15:31:17.141+0530 INFO Hover the campaign module
2025-03-24T15:43:27.594+0530 INFO Successfully open the Web application
2025-03-24T15:43:32.386+0530 INFO Successfully log into the application
2025-03-24T15:43:36.758+0530 INFO Hover the campaign module
2025-03-24T15:43:53.466+0530 INFO Click on Preview Icon
2025-03-24T15:44:09.941+0530 INFO click on Redistribute campaign icon
2025-03-24T15:44:19.854+0530 INFO click on Subject line
2025-03-24T15:56:34.273+0530 INFO Successfully open the Web application
2025-03-24T15:56:39.203+0530 INFO Successfully log into the application
2025-03-24T15:57:03.691+0530 INFO Hover the campaign module
2025-03-24T15:57:17.393+0530 INFO Click on Preview Icon
2025-03-24T15:57:34.253+0530 INFO Email template download clicked successfully
2025-03-24T15:57:38.516+0530 INFO Email template download html clicked successfully
2025-03-24T16:00:28.302+0530 INFO Successfully open the Web application
2025-03-24T16:00:33.106+0530 INFO Successfully log into the application
2025-03-24T16:03:58.722+0530 INFO Successfully open the Web application
2025-03-24T16:04:03.617+0530 INFO Successfully log into the application
2025-03-24T16:04:08.018+0530 INFO Hover the campaign module
2025-03-24T16:04:24.709+0530 INFO Click on Preview Icon
2025-03-24T16:04:41.243+0530 INFO click on Redistribute campaign icon
2025-03-24T16:04:51.081+0530 INFO click on Subject line
2025-03-24T16:08:27.787+0530 INFO Successfully open the Web application
2025-03-24T16:08:32.593+0530 INFO Successfully log into the application
2025-03-24T16:08:37.007+0530 INFO Hover the campaign module
2025-03-24T16:08:53.745+0530 INFO Click on Preview Icon
2025-03-24T16:09:10.386+0530 INFO click on Redistribute campaign icon
2025-03-24T16:09:20.217+0530 INFO click on Subject line
2025-03-24T16:12:46.397+0530 INFO Successfully open the Web application
2025-03-24T16:12:51.200+0530 INFO Successfully log into the application
2025-03-24T16:12:55.630+0530 INFO Hover the campaign module
2025-03-24T16:13:12.284+0530 INFO Click on Preview Icon
2025-03-24T16:13:28.826+0530 INFO click on Redistribute campaign icon
2025-03-24T16:13:38.652+0530 INFO click on Subject line
2025-03-24T16:15:35.445+0530 INFO video Campaign Scheduled Successfully
2025-03-24T16:35:45.571+0530 INFO Successfully open the Web application
2025-03-24T16:35:50.471+0530 INFO Successfully log into the application
2025-03-24T16:35:50.472+0530 INFO Starting Shared Leads Listview Actions on All Tile.
2025-03-24T16:35:55.501+0530 INFO Hovering on Shared Leads section.
2025-03-24T16:35:58.059+0530 INFO Hovered and clicked on Shared Leads section.
2025-03-24T16:36:02.543+0530 INFO Applying filter on Shared Leads.
2025-03-24T16:36:11.874+0530 INFO Filter applied successfully.
2025-03-24T16:36:17.152+0530 INFO Starting sort tests for Shared Leads edit tiles.
2025-03-24T16:36:23.162+0530 INFO Managing sorting on Shared Leads edit tiles.
2025-03-24T16:36:26.691+0530 INFO Managing sorting on Shared Leads edit tiles.
2025-03-24T16:36:30.248+0530 INFO Managing sorting on Shared Leads edit tiles.
2025-03-24T16:36:33.862+0530 INFO Managing sorting on Shared Leads edit tiles.
2025-03-24T16:36:37.620+0530 INFO Managing sorting on Shared Leads edit tiles.
2025-03-24T16:36:41.325+0530 INFO Managing sorting on Shared Leads edit tiles.
2025-03-24T16:36:47.102+0530 INFO Searching with filter.
2025-03-24T16:36:50.498+0530 INFO Filter search applied.
2025-03-24T16:36:51.510+0530 INFO Managing email reports for Shared Leads tiles.
2025-03-24T16:36:52.816+0530 INFO Email report triggered.
2025-03-24T16:36:58.570+0530 INFO Completed Shared Leads Listview Actions on All Tile.
2025-03-24T16:36:58.586+0530 INFO Starting Unsubscribe action on Shared Leads tile.
2025-03-24T16:37:06.954+0530 INFO Searching with filter.
2025-03-24T16:37:10.422+0530 INFO Filter search applied.
2025-03-24T16:37:11.433+0530 INFO Managing email reports for Shared Leads tiles.
2025-03-24T16:37:12.660+0530 INFO Email report triggered.
2025-03-24T16:37:13.689+0530 INFO Resubscribing sharedlead.
2025-03-24T16:37:17.767+0530 INFO Resubscribe action completed and screenshot taken.
2025-03-24T16:37:17.767+0530 INFO Starting Valid Tile action on Shared Leads edit list.
2025-03-24T16:37:17.901+0530 INFO Starting Exclude Tile action on Shared Leads edit list.
2025-03-24T16:37:18.003+0530 INFO Starting Undeliverable Tile action on Shared Leads edit list.
2025-03-24T16:37:18.115+0530 INFO Starting actions on all Shared Leads tiles.
2025-03-24T16:37:20.125+0530 INFO Hovering on Shared Leads section.
2025-03-24T16:37:22.525+0530 INFO Hovered and clicked on Shared Leads section.
2025-03-24T16:37:33.790+0530 INFO Applying filter on Shared Leads.
2025-03-24T16:37:43.107+0530 INFO Filter applied successfully.
2025-03-24T16:37:44.120+0530 INFO Searching with filter.
2025-03-24T16:37:47.508+0530 INFO Filter search applied.
2025-03-24T16:37:48.516+0530 INFO Managing Shared Leads tiles sorting.
2025-03-24T16:38:08.733+0530 INFO Shared Leads tiles sorting completed.
2025-03-24T16:38:09.747+0530 INFO Managing email reports for Shared Leads tiles.
2025-03-24T16:38:10.997+0530 INFO Email report triggered.
2025-03-24T16:38:14.211+0530 INFO Closing the filter.
2025-03-24T16:38:15.484+0530 INFO Filter closed.
2025-03-24T16:38:16.489+0530 INFO Actions on all Shared Leads tiles completed.
2025-03-24T16:38:19.508+0530 INFO Starting actions on Valid Shared Leads tile.
2025-03-24T16:38:22.783+0530 INFO Managing email reports for Shared Leads tiles.
2025-03-24T16:38:24.014+0530 INFO Email report triggered.
2025-03-24T16:38:25.197+0530 INFO Email report for Valid Tile Shared Leads captured.
2025-03-24T16:38:27.211+0530 INFO Starting actions on Exclude Shared Leads tile.
2025-03-24T16:38:29.343+0530 INFO Starting actions on Undeliverable Shared Leads tile.
2025-03-24T16:38:29.462+0530 INFO Starting Unsubscribe action on Shared Leads tile.
2025-03-24T16:38:29.579+0530 INFO Starting sorting actions on Shared Leads.
2025-03-24T16:38:31.595+0530 INFO Hovering on Shared Leads section.
2025-03-24T16:38:34.089+0530 INFO Hovered and clicked on Shared Leads section.
2025-03-24T16:38:45.409+0530 INFO Selecting sorting option '1: Object'
2025-03-24T16:38:45.409+0530 INFO Managing sorting on Shared Leads edit tiles.
2025-03-24T16:38:47.985+0530 INFO Selecting sorting option '2: Object'
2025-03-24T16:38:47.985+0530 INFO Managing sorting on Shared Leads edit tiles.
2025-03-24T16:38:49.706+0530 INFO Selecting sorting option '3: Object'
2025-03-24T16:38:49.706+0530 INFO Managing sorting on Shared Leads edit tiles.
2025-03-24T16:38:51.351+0530 INFO Selecting sorting option '4: Object'
2025-03-24T16:38:51.351+0530 INFO Managing sorting on Shared Leads edit tiles.
2025-03-24T16:38:55.144+0530 INFO Managing Shared Leads Grid actions.
2025-03-24T16:39:08.441+0530 INFO Applying filter on Shared Leads.
2025-03-24T16:39:17.886+0530 INFO Filter applied successfully.
2025-03-24T16:39:18.888+0530 INFO Managing email reports for Shared Leads tiles.
2025-03-24T16:39:20.111+0530 INFO Email report triggered.
2025-03-24T16:39:21.141+0530 INFO Searching with filter.
2025-03-24T16:39:24.544+0530 INFO Filter search applied.
2025-03-24T16:39:25.760+0530 INFO Grid management actions completed.
2025-03-24T16:39:27.778+0530 INFO Hovering on Shared Leads section.
2025-03-24T16:39:30.229+0530 INFO Hovered and clicked on Shared Leads section.
2025-03-24T16:39:33.244+0530 INFO Starting search action on Shared Leads.
2025-03-24T16:39:36.635+0530 INFO Search for 'Auto' in Shared Leads executed.
2025-03-24T16:56:00.509+0530 INFO Successfully open the Web application
2025-03-24T16:56:04.867+0530 INFO Successfully log into the application
2025-03-24T16:56:04.872+0530 INFO Starting Shared Leads Listview Actions on All Tile.
2025-03-24T16:56:09.889+0530 INFO Hovering on Shared Leads section.
2025-03-24T16:56:12.095+0530 INFO Hovered and clicked on Shared Leads section.
2025-03-24T16:56:16.295+0530 INFO Applying filter on Shared Leads.
2025-03-24T16:56:25.053+0530 INFO Filter applied successfully.
2025-03-24T16:56:30.173+0530 INFO Starting sort tests for Shared Leads edit tiles.
2025-03-24T16:56:36.188+0530 INFO Managing sorting on Shared Leads edit tiles.
2025-03-24T16:56:39.469+0530 INFO Managing sorting on Shared Leads edit tiles.
2025-03-24T16:56:42.746+0530 INFO Managing sorting on Shared Leads edit tiles.
2025-03-24T16:56:46.055+0530 INFO Managing sorting on Shared Leads edit tiles.
2025-03-24T16:56:49.351+0530 INFO Managing sorting on Shared Leads edit tiles.
2025-03-24T16:56:52.660+0530 INFO Managing sorting on Shared Leads edit tiles.
2025-03-24T16:56:57.996+0530 INFO Searching with filter.
2025-03-24T16:57:01.236+0530 INFO Filter search applied.
2025-03-24T16:57:02.250+0530 INFO Managing email reports for Shared Leads tiles.
2025-03-24T16:57:03.358+0530 INFO Email report triggered.
2025-03-24T16:57:08.748+0530 INFO Completed Shared Leads Listview Actions on All Tile.
2025-03-24T16:57:08.748+0530 INFO Starting Unsubscribe action on Shared Leads tile.
2025-03-24T16:57:16.980+0530 INFO Searching with filter.
2025-03-24T16:57:20.153+0530 INFO Filter search applied.
2025-03-24T16:57:21.157+0530 INFO Managing email reports for Shared Leads tiles.
2025-03-24T16:57:22.302+0530 INFO Email report triggered.
2025-03-24T16:57:23.307+0530 INFO Resubscribing sharedlead.
2025-03-24T16:57:26.838+0530 INFO Resubscribe action completed and screenshot taken.
2025-03-24T16:57:26.844+0530 INFO Starting Valid Tile action on Shared Leads edit list.
2025-03-24T16:57:26.923+0530 INFO Starting Exclude Tile action on Shared Leads edit list.
2025-03-24T16:57:27.001+0530 INFO Starting Undeliverable Tile action on Shared Leads edit list.
2025-03-24T16:57:27.065+0530 INFO Starting actions on all Shared Leads tiles.
2025-03-24T16:57:29.086+0530 INFO Hovering on Shared Leads section.
2025-03-24T16:57:31.237+0530 INFO Hovered and clicked on Shared Leads section.
2025-03-24T16:57:42.370+0530 INFO Applying filter on Shared Leads.
2025-03-24T16:57:51.048+0530 INFO Filter applied successfully.
2025-03-24T16:57:52.061+0530 INFO Searching with filter.
2025-03-24T16:57:55.285+0530 INFO Filter search applied.
2025-03-24T16:57:56.296+0530 INFO Managing Shared Leads tiles sorting.
2025-03-24T16:58:16.154+0530 INFO Shared Leads tiles sorting completed.
2025-03-24T16:58:17.158+0530 INFO Managing email reports for Shared Leads tiles.
2025-03-24T16:58:18.268+0530 INFO Email report triggered.
2025-03-24T16:58:21.402+0530 INFO Closing the filter.
2025-03-24T16:58:22.527+0530 INFO Filter closed.
2025-03-24T16:58:23.536+0530 INFO Actions on all Shared Leads tiles completed.
2025-03-24T16:58:26.556+0530 INFO Starting actions on Valid Shared Leads tile.
2025-03-24T16:58:29.670+0530 INFO Managing email reports for Shared Leads tiles.
2025-03-24T16:58:30.798+0530 INFO Email report triggered.
2025-03-24T16:58:31.937+0530 INFO Email report for Valid Tile Shared Leads captured.
2025-03-24T16:58:33.940+0530 INFO Starting actions on Exclude Shared Leads tile.
2025-03-24T16:58:36.037+0530 INFO Starting actions on Undeliverable Shared Leads tile.
2025-03-24T16:58:36.115+0530 INFO Starting Unsubscribe action on Shared Leads tile.
2025-03-24T16:58:36.193+0530 INFO Starting sorting actions on Shared Leads.
2025-03-24T16:58:38.197+0530 INFO Hovering on Shared Leads section.
2025-03-24T16:58:40.342+0530 INFO Hovered and clicked on Shared Leads section.
2025-03-24T16:58:51.495+0530 INFO Selecting sorting option '1: Object'
2025-03-24T16:58:51.495+0530 INFO Managing sorting on Shared Leads edit tiles.
2025-03-24T16:58:53.774+0530 INFO Selecting sorting option '2: Object'
2025-03-24T16:58:53.774+0530 INFO Managing sorting on Shared Leads edit tiles.
2025-03-24T16:58:55.024+0530 INFO Selecting sorting option '3: Object'
2025-03-24T16:58:55.024+0530 INFO Managing sorting on Shared Leads edit tiles.
2025-03-24T16:58:56.324+0530 INFO Selecting sorting option '4: Object'
2025-03-24T16:58:56.324+0530 INFO Managing sorting on Shared Leads edit tiles.
2025-03-24T16:58:59.600+0530 INFO Managing Shared Leads Grid actions.
2025-03-24T16:59:12.172+0530 INFO Applying filter on Shared Leads.
2025-03-24T16:59:20.859+0530 INFO Filter applied successfully.
2025-03-24T16:59:21.860+0530 INFO Managing email reports for Shared Leads tiles.
2025-03-24T16:59:22.971+0530 INFO Email report triggered.
2025-03-24T16:59:23.980+0530 INFO Searching with filter.
2025-03-24T16:59:27.203+0530 INFO Filter search applied.
2025-03-24T16:59:28.319+0530 INFO Grid management actions completed.
2025-03-24T16:59:30.322+0530 INFO Hovering on Shared Leads section.
2025-03-24T16:59:32.463+0530 INFO Hovered and clicked on Shared Leads section.
2025-03-24T16:59:35.476+0530 INFO Starting search action on Shared Leads.
2025-03-24T16:59:38.700+0530 INFO Search for 'Auto' in Shared Leads executed.
2025-03-24T17:19:55.967+0530 INFO Hover the campaign module
2025-03-24T17:20:12.284+0530 INFO Click on Preview Icon
2025-03-24T17:20:28.681+0530 INFO click on Redistribute campaign icon
2025-03-24T17:20:38.249+0530 INFO click on Subject line
2025-03-24T17:22:32.558+0530 INFO video Campaign Scheduled Successfully
2025-03-24T17:22:41.752+0530 INFO Hover the campaign module
2025-03-24T17:22:58.034+0530 INFO Click on Preview Icon
2025-03-24T17:23:14.349+0530 INFO click on Redistribute campaign icon
2025-03-24T17:23:23.951+0530 INFO click on Subject line
2025-03-24T17:24:53.813+0530 INFO video Campaign saved Successfully
2025-03-24T17:25:06.012+0530 INFO Hover the campaign module
2025-03-24T17:25:22.422+0530 INFO Click on Preview Icon
2025-03-24T17:25:38.807+0530 INFO click on Redistribute campaign icon
2025-03-24T17:25:48.458+0530 INFO click on Subject line
2025-03-24T17:26:54.787+0530 INFO Video Campaign Redistributed Successfully
2025-03-24T17:27:02.967+0530 INFO Hover the campaign module
2025-03-24T17:27:13.188+0530 INFO Click on Manage campaign
2025-03-24T17:27:18.322+0530 INFO Click on the Email tab
2025-03-24T17:27:21.470+0530 INFO Click on Edit
2025-03-24T17:27:34.188+0530 INFO Click on Preview
2025-03-24T17:27:48.705+0530 INFO Click on Archive
2025-03-24T17:28:09.598+0530 INFO Click on Analytics icon under manage Campaigns
2025-03-24T17:28:12.751+0530 INFO Click on the Recipients
2025-03-24T17:28:38.776+0530 INFO Click on the Total Email sent
2025-03-24T17:29:00.779+0530 INFO Click on the Deliverability
2025-03-24T17:29:22.739+0530 INFO Click on the Open rate
2025-03-24T17:29:22.786+0530 INFO Click on Active Recipients
2025-03-24T17:29:22.818+0530 INFO Click on the Clicked URL tile
2025-03-24T17:29:22.849+0530 INFO Click on Hard bounce
2025-03-24T17:29:22.881+0530 INFO Click on Soft bounce
2025-03-24T17:29:22.975+0530 INFO Click on Unsubscribe
2025-03-24T17:30:02.414+0530 INFO Click on Register lead button
2025-03-24T17:30:07.559+0530 INFO Click on Select pipeline Dropdown
2025-03-24T17:30:13.924+0530 INFO click on Firstname
2025-03-24T17:30:17.474+0530 INFO click on Lastname
2025-03-24T17:30:20.969+0530 INFO click on Address
2025-03-24T17:30:51.852+0530 INFO Click on Leads
2025-03-24T17:31:46.188+0530 INFO Click on Deals
2025-03-24T17:31:46.188+0530 INFO Click on Deals
2025-03-24T17:31:53.475+0530 INFO Click on Deal Preview
2025-03-24T17:31:59.795+0530 INFO Click on Deal edit
2025-03-24T17:32:09.141+0530 INFO Click on filter
2025-03-24T17:32:25.768+0530 INFO Click on Deal filter
2025-03-24T17:32:29.019+0530 INFO Click on Deal download
2025-03-24T17:32:35.460+0530 INFO Click on Navigation Breadcrumb
2025-03-24T17:32:52.759+0530 INFO Hover the campaign module
2025-03-24T17:33:16.076+0530 INFO Click on Preview Icon
2025-03-24T17:33:32.544+0530 INFO Email template download clicked successfully
2025-03-24T17:33:34.697+0530 INFO Email template download html clicked successfully
2025-03-24T17:33:41.958+0530 INFO Email template download html clicked successfully
2025-03-24T17:33:51.110+0530 INFO Email template download_history clicked successfully
2025-03-24T17:33:53.263+0530 INFO Email template download_history clicked successfully
2025-03-24T17:33:55.270+0530 INFO click on Redistribute campaign icon
2025-03-24T17:34:02.105+0530 INFO click on Subject line
2025-03-24T17:35:01.039+0530 INFO Email Campaign Scheduled Successfully
2025-03-24T17:35:04.274+0530 INFO Hover the campaign module
2025-03-24T17:35:27.795+0530 INFO Click on Preview Icon
2025-03-24T17:35:44.253+0530 INFO Email template download clicked successfully
2025-03-24T17:35:46.406+0530 INFO Email template download html clicked successfully
2025-03-24T17:35:53.672+0530 INFO Email template download html clicked successfully
2025-03-24T17:36:02.818+0530 INFO Email template download_history clicked successfully
2025-03-24T17:36:04.969+0530 INFO Email template download_history clicked successfully
2025-03-24T17:36:06.986+0530 INFO click on Redistribute campaign icon
2025-03-24T17:36:13.885+0530 INFO click on Subject line
2025-03-24T17:37:11.887+0530 INFO Email Campaign saved Successfully
2025-03-24T17:37:20.122+0530 INFO Hover the campaign module
2025-03-24T17:37:43.623+0530 INFO Click on Preview Icon
2025-03-24T17:38:00.097+0530 INFO Email template download clicked successfully
2025-03-24T17:38:02.261+0530 INFO Email template download html clicked successfully
2025-03-24T17:38:09.530+0530 INFO Email template download html clicked successfully
2025-03-24T17:38:18.684+0530 INFO Email template download_history clicked successfully
2025-03-24T17:38:20.833+0530 INFO Email template download_history clicked successfully
2025-03-24T17:38:22.844+0530 INFO click on Redistribute campaign icon
2025-03-24T17:38:29.847+0530 INFO click on Subject line
2025-03-24T17:39:16.999+0530 INFO Email Campaign Redistributed Successfully
2025-03-24T17:39:20.242+0530 INFO Hover the campaign module
2025-03-24T17:39:30.491+0530 INFO Click on Manage campaign
2025-03-24T17:39:35.659+0530 INFO Click on the Email tab
2025-03-24T17:39:38.816+0530 INFO Click on Edit
2025-03-24T17:39:51.614+0530 INFO Click on Preview
2025-03-24T17:40:03.157+0530 INFO Click on Archive
2025-03-24T17:40:24.181+0530 INFO Click on Analytics icon under manage Campaigns
2025-03-24T17:40:27.361+0530 INFO Click on the Recipients
2025-03-24T17:40:53.559+0530 INFO Click on the Total Email sent
2025-03-24T17:41:15.673+0530 INFO Click on the Deliverability
2025-03-24T17:41:37.999+0530 INFO Click on the Open rate
2025-03-24T17:41:38.032+0530 INFO Click on Active Recipients
2025-03-24T17:41:38.063+0530 INFO Click on the Clicked URL tile
2025-03-24T17:41:38.095+0530 INFO Click on Hard bounce
2025-03-24T17:41:38.127+0530 INFO Click on Soft bounce
2025-03-24T17:41:38.174+0530 INFO Click on Unsubscribe
2025-03-24T17:42:17.578+0530 INFO Click on Register lead button
2025-03-24T17:42:22.747+0530 INFO Click on Select pipeline Dropdown
2025-03-24T17:42:29.091+0530 INFO click on Firstname
2025-03-24T17:42:32.851+0530 INFO click on Lastname
2025-03-24T17:42:36.609+0530 INFO click on Address
2025-03-24T17:43:08.181+0530 INFO Click on Leads
2025-03-24T17:43:48.317+0530 INFO Click on Deals
2025-03-24T17:43:48.352+0530 INFO Click on Navigation Breadcrumb
2025-03-24T17:43:52.694+0530 INFO Hover the campaign module
2025-03-24T17:46:08.859+0530 INFO Redirected to ManageCampaign successfully
2025-03-24T17:46:13.975+0530 INFO Event tab clicked successfully
2025-03-24T18:01:38.689+0530 INFO Successfully open the Web application
2025-03-24T18:01:43.124+0530 INFO Successfully log into the application
2025-03-24T18:01:47.380+0530 INFO Hover the campaign module
2025-03-24T18:02:03.829+0530 INFO Click on Preview Icon
2025-03-24T18:02:20.150+0530 INFO click on Redistribute campaign icon
2025-03-24T18:02:29.594+0530 INFO click on Subject line
2025-03-24T18:04:24.754+0530 INFO video Campaign Scheduled Successfully
2025-03-24T18:04:33.945+0530 INFO Hover the campaign module
2025-03-24T18:04:50.262+0530 INFO Click on Preview Icon
2025-03-24T18:05:06.677+0530 INFO click on Redistribute campaign icon
2025-03-24T18:05:16.368+0530 INFO click on Subject line
2025-03-24T18:06:48.781+0530 INFO video Campaign saved Successfully
2025-03-24T18:07:01.137+0530 INFO Hover the campaign module
2025-03-24T18:07:17.959+0530 INFO Click on Preview Icon
2025-03-24T18:07:34.522+0530 INFO click on Redistribute campaign icon
2025-03-24T18:07:45.060+0530 INFO click on Subject line
2025-03-24T18:08:54.064+0530 INFO Video Campaign Redistributed Successfully
2025-03-24T18:09:02.565+0530 INFO Hover the campaign module
2025-03-24T18:09:13.099+0530 INFO Click on Manage campaign
2025-03-24T18:09:18.489+0530 INFO Click on the Email tab
2025-03-24T18:09:22.170+0530 INFO Click on Edit
2025-03-24T18:09:36.396+0530 INFO Click on Preview
2025-03-24T18:09:51.935+0530 INFO Click on Archive
2025-03-24T18:10:14.213+0530 INFO Click on Analytics icon under manage Campaigns
2025-03-24T18:10:17.618+0530 INFO Click on the Recipients
2025-03-24T18:10:45.357+0530 INFO Click on the Total Email sent
2025-03-24T18:11:08.771+0530 INFO Click on the Deliverability
2025-03-24T18:11:32.101+0530 INFO Click on the Open rate
2025-03-24T18:11:32.201+0530 INFO Click on Active Recipients
2025-03-24T18:11:32.284+0530 INFO Click on the Clicked URL tile
2025-03-24T18:11:32.374+0530 INFO Click on Hard bounce
2025-03-24T18:11:32.438+0530 INFO Click on Soft bounce
2025-03-24T18:11:32.497+0530 INFO Click on Unsubscribe
2025-03-24T18:12:13.489+0530 INFO Click on Register lead button
2025-03-24T18:12:18.948+0530 INFO Click on Select pipeline Dropdown
2025-03-24T18:12:25.679+0530 INFO click on Firstname
2025-03-24T18:12:29.836+0530 INFO click on Lastname
2025-03-24T18:12:35.087+0530 INFO click on Address
2025-03-24T18:13:08.938+0530 INFO Click on Leads
2025-03-24T18:14:06.555+0530 INFO Click on Deals
2025-03-24T18:14:06.555+0530 INFO Click on Deals
2025-03-24T18:14:15.423+0530 INFO Click on Deal Preview
2025-03-24T18:14:22.165+0530 INFO Click on Deal edit
2025-03-24T18:14:32.015+0530 INFO Click on filter
2025-03-24T18:14:49.701+0530 INFO Click on Deal filter
2025-03-24T18:14:53.375+0530 INFO Click on Deal download
2025-03-24T18:15:00.361+0530 INFO Click on Navigation Breadcrumb
2025-03-24T18:15:20.222+0530 INFO Hover the campaign module
2025-03-24T18:15:44.191+0530 INFO Click on Preview Icon
2025-03-24T18:16:01.229+0530 INFO Email template download clicked successfully
2025-03-24T18:16:03.484+0530 INFO Email template download html clicked successfully
2025-03-24T18:16:10.963+0530 INFO Email template download html clicked successfully
2025-03-24T18:16:20.289+0530 INFO Email template download_history clicked successfully
2025-03-24T18:16:22.625+0530 INFO Email template download_history clicked successfully
2025-03-24T18:16:24.651+0530 INFO click on Redistribute campaign icon
2025-03-24T18:16:34.064+0530 INFO click on Subject line
2025-03-24T18:17:36.825+0530 INFO Email Campaign Scheduled Successfully
2025-03-24T18:19:09.310+0530 INFO Event tab clicked successfully
2025-03-24T18:19:15.743+0530 INFO Event tab preview clicked successfully
2025-03-24T18:19:29.920+0530 INFO Event tab preview closed successfully
2025-03-24T18:19:30.179+0530 INFO Email template download_history clicked successfully
2025-03-24T18:19:34.543+0530 INFO Email template download_history clicked successfully
2025-03-24T18:19:45.250+0530 INFO Click on Search box
2025-03-24T18:20:36.996+0530 INFO Event Campaign Redistributed Successfully
2025-03-24T18:20:45.402+0530 INFO Hover the campaign module
2025-03-24T18:20:55.930+0530 INFO Click on Manage campaign
2025-03-24T18:21:01.264+0530 INFO Event tab clicked successfully
2025-03-24T18:21:09.957+0530 INFO Clicked on the edit icon successfully
2025-03-24T18:21:19.843+0530 INFO Clicked on the edit folder successfully
2025-03-24T18:21:28.468+0530 INFO Clicked on the update button successfully
2025-03-24T18:21:41.628+0530 INFO Clicked on the send preview email option successfully
2025-03-24T18:22:09.658+0530 INFO Clicked on the close option successfully
2025-03-24T18:22:18.296+0530 INFO Clicked on the InviteMore option successfully
2025-03-24T18:22:27.127+0530 INFO Clicked on send button for the Invite more contacts  successfully
2025-03-24T18:22:31.514+0530 INFO Clicked on close button successfully
2025-03-24T18:23:02.084+0530 INFO Redirected to ManageCampaign successfully
2025-03-24T18:23:07.257+0530 INFO Event tab clicked successfully
2025-03-24T18:23:11.738+0530 INFO Clicked on preview successfully
2025-03-24T18:23:20.003+0530 INFO Clicked on analytics icon successfully
2025-03-24T18:23:28.259+0530 INFO Clicked on emailinfo  successfully
2025-03-24T18:23:49.430+0530 INFO Event tab preview closed successfully
2025-03-24T18:23:49.654+0530 INFO Clicked on listinfo  successfully
2025-03-24T18:23:54.791+0530 INFO listinfo closed successfully
2025-03-24T18:23:55.237+0530 INFO Clicked on invites  successfully
2025-03-24T18:24:00.491+0530 INFO Clicked on invites opened  successfully
2025-03-24T18:24:05.702+0530 INFO Clicked on who havent opened tab  successfully
2025-03-24T18:24:10.855+0530 INFO Clicked on remainder icon  successfully
2025-03-24T18:24:27.769+0530 INFO Clicked on Send Remainderbutton  successfully
2025-03-24T18:24:59.747+0530 INFO Export to excel done successfully
2025-03-24T18:24:59.796+0530 INFO Unable to click Yes tile  due to count is '0' 
2025-03-24T18:25:04.932+0530 INFO Unable to click leads tile  due to count is '0' 
2025-03-24T18:25:09.999+0530 INFO Unable to click Total tile due to count is '0' 
2025-03-24T18:25:34.757+0530 INFO Download excel successfully in Campaign Analytics section
2025-03-24T18:26:04.442+0530 INFO Event Lead submitted Successfully
2025-03-24T18:26:25.306+0530 INFO Register deal button clicked Successfully
2025-03-24T18:26:28.563+0530 INFO Selected stage in dropdown Successfully
2025-03-25T11:05:21.027+0530 INFO Successfully open the Web application
2025-03-25T11:05:25.812+0530 INFO Successfully log into the application
2025-03-25T11:05:25.823+0530 INFO Starting Shared Leads Listview Actions on All Tile.
2025-03-25T11:05:30.830+0530 INFO Hovering on Shared Leads section.
2025-03-25T11:05:33.291+0530 INFO Hovered and clicked on Shared Leads section.
2025-03-25T11:05:37.557+0530 INFO Applying filter on Shared Leads.
2025-03-25T11:05:46.758+0530 INFO Filter applied successfully.
2025-03-25T11:05:52.039+0530 INFO Starting sort tests for Shared Leads edit tiles.
2025-03-25T11:05:58.064+0530 INFO Managing sorting on Shared Leads edit tiles.
2025-03-25T11:06:01.604+0530 INFO Managing sorting on Shared Leads edit tiles.
2025-03-25T11:06:05.201+0530 INFO Managing sorting on Shared Leads edit tiles.
2025-03-25T11:06:08.881+0530 INFO Managing sorting on Shared Leads edit tiles.
2025-03-25T11:06:12.520+0530 INFO Managing sorting on Shared Leads edit tiles.
2025-03-25T11:06:16.230+0530 INFO Managing sorting on Shared Leads edit tiles.
2025-03-25T11:06:22.004+0530 INFO Searching with filter.
2025-03-25T11:06:25.349+0530 INFO Filter search applied.
2025-03-25T11:06:26.351+0530 INFO Managing email reports for Shared Leads tiles.
2025-03-25T11:06:27.624+0530 INFO Email report triggered.
2025-03-25T11:06:33.319+0530 INFO Completed Shared Leads Listview Actions on All Tile.
2025-03-25T11:06:33.335+0530 INFO Starting Unsubscribe action on Shared Leads tile.
2025-03-25T11:06:41.743+0530 INFO Searching with filter.
2025-03-25T11:06:45.149+0530 INFO Filter search applied.
2025-03-25T11:06:46.164+0530 INFO Managing email reports for Shared Leads tiles.
2025-03-25T11:06:47.396+0530 INFO Email report triggered.
2025-03-25T11:06:48.410+0530 INFO Resubscribing sharedlead.
2025-03-25T11:06:52.274+0530 INFO Resubscribe action completed and screenshot taken.
2025-03-25T11:06:52.285+0530 INFO Starting Valid Tile action on Shared Leads edit list.
2025-03-25T11:06:52.414+0530 INFO Starting Exclude Tile action on Shared Leads edit list.
2025-03-25T11:06:52.516+0530 INFO Starting Undeliverable Tile action on Shared Leads edit list.
2025-03-25T11:06:52.637+0530 INFO Starting actions on all Shared Leads tiles.
2025-03-25T11:06:54.643+0530 INFO Hovering on Shared Leads section.
2025-03-25T11:06:56.936+0530 INFO Hovered and clicked on Shared Leads section.
2025-03-25T11:07:08.186+0530 INFO Applying filter on Shared Leads.
2025-03-25T11:07:17.343+0530 INFO Filter applied successfully.
2025-03-25T11:07:18.356+0530 INFO Searching with filter.
2025-03-25T11:07:21.726+0530 INFO Filter search applied.
2025-03-25T11:07:22.740+0530 INFO Managing Shared Leads tiles sorting.
2025-03-25T11:07:42.726+0530 INFO Shared Leads tiles sorting completed.
2025-03-25T11:07:43.741+0530 INFO Managing email reports for Shared Leads tiles.
2025-03-25T11:07:45.001+0530 INFO Email report triggered.
2025-03-25T11:07:48.153+0530 INFO Closing the filter.
2025-03-25T11:07:49.399+0530 INFO Filter closed.
2025-03-25T11:07:50.401+0530 INFO Actions on all Shared Leads tiles completed.
2025-03-25T11:07:53.422+0530 INFO Starting actions on Valid Shared Leads tile.
2025-03-25T11:07:56.658+0530 INFO Managing email reports for Shared Leads tiles.
2025-03-25T11:07:57.888+0530 INFO Email report triggered.
2025-03-25T11:07:59.020+0530 INFO Email report for Valid Tile Shared Leads captured.
2025-03-25T11:08:01.039+0530 INFO Starting actions on Exclude Shared Leads tile.
2025-03-25T11:08:03.239+0530 INFO Starting actions on Undeliverable Shared Leads tile.
2025-03-25T11:08:03.363+0530 INFO Starting Unsubscribe action on Shared Leads tile.
2025-03-25T11:08:03.474+0530 INFO Starting sorting actions on Shared Leads.
2025-03-25T11:08:05.497+0530 INFO Hovering on Shared Leads section.
2025-03-25T11:08:07.786+0530 INFO Hovered and clicked on Shared Leads section.
2025-03-25T11:08:19.020+0530 INFO Selecting sorting option '1: Object'
2025-03-25T11:08:19.021+0530 INFO Managing sorting on Shared Leads edit tiles.
2025-03-25T11:08:21.544+0530 INFO Selecting sorting option '2: Object'
2025-03-25T11:08:21.545+0530 INFO Managing sorting on Shared Leads edit tiles.
2025-03-25T11:08:23.096+0530 INFO Selecting sorting option '3: Object'
2025-03-25T11:08:23.096+0530 INFO Managing sorting on Shared Leads edit tiles.
2025-03-25T11:08:24.760+0530 INFO Selecting sorting option '4: Object'
2025-03-25T11:08:24.760+0530 INFO Managing sorting on Shared Leads edit tiles.
2025-03-25T11:08:28.428+0530 INFO Managing Shared Leads Grid actions.
2025-03-25T11:08:41.221+0530 INFO Applying filter on Shared Leads.
2025-03-25T11:08:50.368+0530 INFO Filter applied successfully.
2025-03-25T11:08:51.376+0530 INFO Managing email reports for Shared Leads tiles.
2025-03-25T11:08:52.633+0530 INFO Email report triggered.
2025-03-25T11:08:53.639+0530 INFO Searching with filter.
2025-03-25T11:08:56.977+0530 INFO Filter search applied.
2025-03-25T11:08:58.215+0530 INFO Grid management actions completed.
2025-03-25T11:09:00.231+0530 INFO Hovering on Shared Leads section.
2025-03-25T11:09:02.545+0530 INFO Hovered and clicked on Shared Leads section.
2025-03-25T11:09:05.558+0530 INFO Starting search action on Shared Leads.
2025-03-25T11:09:08.939+0530 INFO Search for 'Auto' in Shared Leads executed.
2025-03-25T11:29:25.053+0530 INFO Successfully open the Web application
2025-03-25T11:29:29.867+0530 INFO Successfully log into the application
2025-03-25T11:29:29.876+0530 INFO Starting Shared Leads Listview Actions on All Tile.
2025-03-25T11:29:34.895+0530 INFO Hovering on Shared Leads section.
2025-03-25T11:29:37.498+0530 INFO Hovered and clicked on Shared Leads section.
2025-03-25T11:29:41.993+0530 INFO Applying filter on Shared Leads.
2025-03-25T11:29:51.487+0530 INFO Filter applied successfully.
2025-03-25T11:29:56.857+0530 INFO Starting sort tests for Shared Leads edit tiles.
2025-03-25T11:30:02.872+0530 INFO Managing sorting on Shared Leads edit tiles.
2025-03-25T11:30:06.402+0530 INFO Managing sorting on Shared Leads edit tiles.
2025-03-25T11:30:10.015+0530 INFO Managing sorting on Shared Leads edit tiles.
2025-03-25T11:30:13.633+0530 INFO Managing sorting on Shared Leads edit tiles.
2025-03-25T11:30:17.371+0530 INFO Managing sorting on Shared Leads edit tiles.
2025-03-25T11:30:21.080+0530 INFO Managing sorting on Shared Leads edit tiles.
2025-03-25T11:30:26.793+0530 INFO Searching with filter.
2025-03-25T11:30:30.158+0530 INFO Filter search applied.
2025-03-25T11:30:31.161+0530 INFO Managing email reports for Shared Leads tiles.
2025-03-25T11:30:32.407+0530 INFO Email report triggered.
2025-03-25T11:30:38.209+0530 INFO Completed Shared Leads Listview Actions on All Tile.
2025-03-25T11:30:38.228+0530 INFO Starting Unsubscribe action on Shared Leads tile.
2025-03-25T11:30:46.523+0530 INFO Searching with filter.
2025-03-25T11:30:49.885+0530 INFO Filter search applied.
2025-03-25T11:30:50.898+0530 INFO Managing email reports for Shared Leads tiles.
2025-03-25T11:30:52.091+0530 INFO Email report triggered.
2025-03-25T11:30:53.098+0530 INFO Resubscribing sharedlead.
2025-03-25T11:30:57.324+0530 INFO Resubscribe action completed and screenshot taken.
2025-03-25T11:30:57.331+0530 INFO Starting Valid Tile action on Shared Leads edit list.
2025-03-25T11:30:57.436+0530 INFO Starting Exclude Tile action on Shared Leads edit list.
2025-03-25T11:30:57.585+0530 INFO Starting Undeliverable Tile action on Shared Leads edit list.
2025-03-25T11:30:57.740+0530 INFO Starting actions on all Shared Leads tiles.
2025-03-25T11:30:59.754+0530 INFO Hovering on Shared Leads section.
2025-03-25T11:31:02.051+0530 INFO Hovered and clicked on Shared Leads section.
2025-03-25T11:31:13.338+0530 INFO Applying filter on Shared Leads.
2025-03-25T11:31:18.424+0530 INFO Starting actions on Valid Shared Leads tile.
2025-03-25T11:31:21.748+0530 INFO Managing email reports for Shared Leads tiles.
2025-03-25T11:31:22.987+0530 INFO Email report triggered.
2025-03-25T11:31:24.176+0530 INFO Email report for Valid Tile Shared Leads captured.
2025-03-25T11:31:26.197+0530 INFO Starting actions on Exclude Shared Leads tile.
2025-03-25T11:31:28.329+0530 INFO Starting actions on Undeliverable Shared Leads tile.
2025-03-25T11:31:28.515+0530 INFO Starting Unsubscribe action on Shared Leads tile.
2025-03-25T11:31:28.629+0530 INFO Starting sorting actions on Shared Leads.
2025-03-25T11:31:30.636+0530 INFO Hovering on Shared Leads section.
2025-03-25T11:31:32.962+0530 INFO Hovered and clicked on Shared Leads section.
2025-03-25T11:31:44.225+0530 INFO Selecting sorting option '1: Object'
2025-03-25T11:31:44.225+0530 INFO Managing sorting on Shared Leads edit tiles.
2025-03-25T11:31:46.819+0530 INFO Selecting sorting option '2: Object'
2025-03-25T11:31:46.820+0530 INFO Managing sorting on Shared Leads edit tiles.
2025-03-25T11:31:48.471+0530 INFO Selecting sorting option '3: Object'
2025-03-25T11:31:48.472+0530 INFO Managing sorting on Shared Leads edit tiles.
2025-03-25T11:31:50.276+0530 INFO Selecting sorting option '4: Object'
2025-03-25T11:31:50.277+0530 INFO Managing sorting on Shared Leads edit tiles.
2025-03-25T11:32:46.491+0530 INFO Successfully open the Web application
2025-03-25T11:32:51.366+0530 INFO Successfully log into the application
2025-03-25T11:36:32.336+0530 INFO Successfully open the Web application
2025-03-25T11:36:37.174+0530 INFO Successfully log into the application
2025-03-25T11:36:37.174+0530 INFO Starting Shared Leads Listview Actions on All Tile.
2025-03-25T11:36:42.202+0530 INFO Hovering on Shared Leads section.
2025-03-25T11:36:44.796+0530 INFO Hovered and clicked on Shared Leads section.
2025-03-25T11:36:49.159+0530 INFO Applying filter on Shared Leads.
2025-03-25T11:36:58.503+0530 INFO Filter applied successfully.
2025-03-25T11:37:03.850+0530 INFO Starting sort tests for Shared Leads edit tiles.
2025-03-25T11:37:09.872+0530 INFO Managing sorting on Shared Leads edit tiles.
2025-03-25T11:37:13.423+0530 INFO Managing sorting on Shared Leads edit tiles.
2025-03-25T11:37:17.047+0530 INFO Managing sorting on Shared Leads edit tiles.
2025-03-25T11:37:20.701+0530 INFO Managing sorting on Shared Leads edit tiles.
2025-03-25T11:37:24.351+0530 INFO Managing sorting on Shared Leads edit tiles.
2025-03-25T11:37:28.084+0530 INFO Managing sorting on Shared Leads edit tiles.
2025-03-25T11:37:33.849+0530 INFO Searching with filter.
2025-03-25T11:37:37.204+0530 INFO Filter search applied.
2025-03-25T11:37:38.215+0530 INFO Managing email reports for Shared Leads tiles.
2025-03-25T11:37:39.533+0530 INFO Email report triggered.
2025-03-25T11:37:45.315+0530 INFO Completed Shared Leads Listview Actions on All Tile.
2025-03-25T11:37:45.326+0530 INFO Starting Unsubscribe action on Shared Leads tile.
2025-03-25T11:37:53.635+0530 INFO Searching with filter.
2025-03-25T11:37:57.135+0530 INFO Filter search applied.
2025-03-25T11:37:58.151+0530 INFO Managing email reports for Shared Leads tiles.
2025-03-25T11:37:59.461+0530 INFO Email report triggered.
2025-03-25T11:38:00.473+0530 INFO Resubscribing sharedlead.
2025-03-25T11:38:04.542+0530 INFO Resubscribe action completed and screenshot taken.
2025-03-25T11:38:04.549+0530 INFO Starting Valid Tile action on Shared Leads edit list.
2025-03-25T11:38:04.672+0530 INFO Starting Exclude Tile action on Shared Leads edit list.
2025-03-25T11:38:04.794+0530 INFO Starting Undeliverable Tile action on Shared Leads edit list.
2025-03-25T11:38:04.893+0530 INFO Starting actions on all Shared Leads tiles.
2025-03-25T11:38:06.894+0530 INFO Hovering on Shared Leads section.
2025-03-25T11:38:09.285+0530 INFO Hovered and clicked on Shared Leads section.
2025-03-25T11:38:22.520+0530 INFO Applying filter on Shared Leads.
2025-03-25T11:38:31.921+0530 INFO Filter applied successfully.
2025-03-25T11:38:32.925+0530 INFO Searching with filter.
2025-03-25T11:38:36.368+0530 INFO Filter search applied.
2025-03-25T11:38:37.383+0530 INFO Managing Shared Leads tiles sorting.
2025-03-25T11:38:57.870+0530 INFO Shared Leads tiles sorting completed.
2025-03-25T11:38:58.882+0530 INFO Managing email reports for Shared Leads tiles.
2025-03-25T11:39:00.181+0530 INFO Email report triggered.
2025-03-25T11:39:03.379+0530 INFO Closing the filter.
2025-03-25T11:39:04.733+0530 INFO Filter closed.
2025-03-25T11:39:05.746+0530 INFO Actions on all Shared Leads tiles completed.
2025-03-25T11:39:08.760+0530 INFO Starting actions on Valid Shared Leads tile.
2025-03-25T11:39:12.020+0530 INFO Managing email reports for Shared Leads tiles.
2025-03-25T11:39:13.248+0530 INFO Email report triggered.
2025-03-25T11:39:14.395+0530 INFO Email report for Valid Tile Shared Leads captured.
2025-03-25T11:39:16.407+0530 INFO Starting actions on Exclude Shared Leads tile.
2025-03-25T11:39:18.518+0530 INFO Starting actions on Undeliverable Shared Leads tile.
2025-03-25T11:39:18.641+0530 INFO Starting Unsubscribe action on Shared Leads tile.
2025-03-25T11:39:18.754+0530 INFO Starting sorting actions on Shared Leads.
2025-03-25T11:39:20.766+0530 INFO Hovering on Shared Leads section.
2025-03-25T11:39:23.161+0530 INFO Hovered and clicked on Shared Leads section.
2025-03-25T11:39:34.428+0530 INFO Selecting sorting option '1: Object'
2025-03-25T11:39:34.429+0530 INFO Managing sorting on Shared Leads edit tiles.
2025-03-25T11:39:36.955+0530 INFO Selecting sorting option '2: Object'
2025-03-25T11:39:36.955+0530 INFO Managing sorting on Shared Leads edit tiles.
2025-03-25T11:39:38.442+0530 INFO Selecting sorting option '3: Object'
2025-03-25T11:39:38.443+0530 INFO Managing sorting on Shared Leads edit tiles.
2025-03-25T11:39:40.064+0530 INFO Selecting sorting option '4: Object'
2025-03-25T11:39:40.065+0530 INFO Managing sorting on Shared Leads edit tiles.
2025-03-25T11:39:43.710+0530 INFO Managing Shared Leads Grid actions.
2025-03-25T11:39:56.542+0530 INFO Applying filter on Shared Leads.
2025-03-25T11:40:05.755+0530 INFO Filter applied successfully.
2025-03-25T11:40:06.759+0530 INFO Managing email reports for Shared Leads tiles.
2025-03-25T11:40:08.025+0530 INFO Email report triggered.
2025-03-25T11:40:09.036+0530 INFO Searching with filter.
2025-03-25T11:40:12.356+0530 INFO Filter search applied.
2025-03-25T11:40:13.547+0530 INFO Grid management actions completed.
2025-03-25T11:40:15.559+0530 INFO Hovering on Shared Leads section.
2025-03-25T11:40:17.923+0530 INFO Hovered and clicked on Shared Leads section.
2025-03-25T11:40:20.936+0530 INFO Starting search action on Shared Leads.
2025-03-25T11:40:24.284+0530 INFO Search for 'Auto' in Shared Leads executed.
2025-03-25T11:45:13.609+0530 INFO Hover the campaign module
2025-03-25T11:45:30.316+0530 INFO Click on Preview Icon
2025-03-25T11:45:46.840+0530 INFO click on Redistribute campaign icon
2025-03-25T11:45:56.798+0530 INFO click on Subject line
2025-03-25T11:47:54.008+0530 INFO video Campaign Scheduled Successfully
2025-03-25T11:48:03.448+0530 INFO Hover the campaign module
2025-03-25T11:48:20.136+0530 INFO Click on Preview Icon
2025-03-25T11:48:36.802+0530 INFO click on Redistribute campaign icon
2025-03-25T11:48:44.400+0530 INFO Hover the campaign module
2025-03-25T12:04:28.638+0530 INFO Successfully open the Web application
2025-03-25T12:04:33.589+0530 INFO Successfully log into the application
2025-03-25T12:04:33.602+0530 INFO Starting Shared Leads Listview Actions on All Tile.
2025-03-25T12:04:38.628+0530 INFO Hovering on Shared Leads section.
2025-03-25T12:04:41.152+0530 INFO Hovered and clicked on Shared Leads section.
2025-03-25T12:04:45.549+0530 INFO Applying filter on Shared Leads.
2025-03-25T12:04:55.203+0530 INFO Filter applied successfully.
2025-03-25T12:05:00.538+0530 INFO Starting sort tests for Shared Leads edit tiles.
2025-03-25T12:05:06.554+0530 INFO Managing sorting on Shared Leads edit tiles.
2025-03-25T12:05:10.108+0530 INFO Managing sorting on Shared Leads edit tiles.
2025-03-25T12:05:13.759+0530 INFO Managing sorting on Shared Leads edit tiles.
2025-03-25T12:05:17.426+0530 INFO Managing sorting on Shared Leads edit tiles.
2025-03-25T12:05:21.220+0530 INFO Managing sorting on Shared Leads edit tiles.
2025-03-25T12:05:25.208+0530 INFO Managing sorting on Shared Leads edit tiles.
2025-03-25T12:05:30.917+0530 INFO Searching with filter.
2025-03-25T12:05:34.384+0530 INFO Filter search applied.
2025-03-25T12:05:35.389+0530 INFO Managing email reports for Shared Leads tiles.
2025-03-25T12:05:36.751+0530 INFO Email report triggered.
2025-03-25T12:05:38.836+0530 INFO Starting Valid Tile action on Shared Leads edit list.
2025-03-25T12:05:39.005+0530 INFO Starting Exclude Tile action on Shared Leads edit list.
2025-03-25T12:05:39.134+0530 INFO Starting Undeliverable Tile action on Shared Leads edit list.
2025-03-25T12:05:39.224+0530 INFO Starting actions on all Shared Leads tiles.
2025-03-25T12:05:41.245+0530 INFO Hovering on Shared Leads section.
2025-03-25T12:05:43.658+0530 INFO Hovered and clicked on Shared Leads section.
2025-03-25T12:05:57.992+0530 INFO Applying filter on Shared Leads.
2025-03-25T12:06:07.454+0530 INFO Filter applied successfully.
2025-03-25T12:06:08.467+0530 INFO Searching with filter.
2025-03-25T12:06:11.844+0530 INFO Filter search applied.
2025-03-25T12:06:12.848+0530 INFO Managing Shared Leads tiles sorting.
2025-03-25T12:06:33.159+0530 INFO Shared Leads tiles sorting completed.
2025-03-25T12:06:34.172+0530 INFO Managing email reports for Shared Leads tiles.
2025-03-25T12:06:35.396+0530 INFO Email report triggered.
2025-03-25T12:06:38.677+0530 INFO Closing the filter.
2025-03-25T12:06:39.942+0530 INFO Filter closed.
2025-03-25T12:06:40.951+0530 INFO Actions on all Shared Leads tiles completed.
2025-03-25T12:06:43.966+0530 INFO Starting actions on Valid Shared Leads tile.
2025-03-25T12:06:47.230+0530 INFO Managing email reports for Shared Leads tiles.
2025-03-25T12:06:48.518+0530 INFO Email report triggered.
2025-03-25T12:06:49.698+0530 INFO Email report for Valid Tile Shared Leads captured.
2025-03-25T12:06:51.710+0530 INFO Starting actions on Exclude Shared Leads tile.
2025-03-25T12:06:53.907+0530 INFO Starting actions on Undeliverable Shared Leads tile.
2025-03-25T12:06:54.002+0530 INFO Starting Unsubscribe action on Shared Leads tile.
2025-03-25T12:06:54.114+0530 INFO Starting sorting actions on Shared Leads.
2025-03-25T12:06:56.129+0530 INFO Hovering on Shared Leads section.
2025-03-25T12:06:58.499+0530 INFO Hovered and clicked on Shared Leads section.
2025-03-25T12:07:09.812+0530 INFO Selecting sorting option '1: Object'
2025-03-25T12:07:09.812+0530 INFO Managing sorting on Shared Leads edit tiles.
2025-03-25T12:07:12.350+0530 INFO Selecting sorting option '2: Object'
2025-03-25T12:07:12.351+0530 INFO Managing sorting on Shared Leads edit tiles.
2025-03-25T12:07:13.943+0530 INFO Selecting sorting option '3: Object'
2025-03-25T12:07:13.943+0530 INFO Managing sorting on Shared Leads edit tiles.
2025-03-25T12:07:15.691+0530 INFO Selecting sorting option '4: Object'
2025-03-25T12:07:15.692+0530 INFO Managing sorting on Shared Leads edit tiles.
2025-03-25T12:07:19.364+0530 INFO Managing Shared Leads Grid actions.
2025-03-25T12:07:32.313+0530 INFO Applying filter on Shared Leads.
2025-03-25T12:07:37.544+0530 INFO Hovering on Shared Leads section.
2025-03-25T14:36:39.258+0530 INFO Successfully open the Web application
2025-03-25T14:36:44.065+0530 INFO Successfully log into the application
2025-03-25T14:36:44.073+0530 INFO Starting Shared Leads Listview Actions on All Tile.
2025-03-25T14:36:49.097+0530 INFO Hovering on Shared Leads section.
2025-03-25T14:36:51.677+0530 INFO Hovered and clicked on Shared Leads section.
2025-03-25T14:36:56.035+0530 INFO Applying filter on Shared Leads.
2025-03-25T14:37:05.355+0530 INFO Filter applied successfully.
2025-03-25T14:37:10.674+0530 INFO Starting sort tests for Shared Leads edit tiles.
2025-03-25T14:37:16.686+0530 INFO Managing sorting on Shared Leads edit tiles.
2025-03-25T14:37:20.489+0530 INFO Managing sorting on Shared Leads edit tiles.
2025-03-25T14:37:24.058+0530 INFO Managing sorting on Shared Leads edit tiles.
2025-03-25T14:37:27.612+0530 INFO Managing sorting on Shared Leads edit tiles.
2025-03-25T14:37:31.309+0530 INFO Managing sorting on Shared Leads edit tiles.
2025-03-25T14:37:34.979+0530 INFO Managing sorting on Shared Leads edit tiles.
2025-03-25T14:37:40.823+0530 INFO Searching with filter.
2025-03-25T14:37:44.217+0530 INFO Filter search applied.
2025-03-25T14:37:45.225+0530 INFO Managing email reports for Shared Leads tiles.
2025-03-25T14:37:46.514+0530 INFO Email report triggered.
2025-03-25T14:37:54.245+0530 INFO Completed Shared Leads Listview Actions on All Tile.
2025-03-25T14:37:54.261+0530 INFO Starting Unsubscribe action on Shared Leads tile.
2025-03-25T14:38:02.746+0530 INFO Searching with filter.
2025-03-25T14:38:06.111+0530 INFO Filter search applied.
2025-03-25T14:38:07.123+0530 INFO Managing email reports for Shared Leads tiles.
2025-03-25T14:38:08.438+0530 INFO Email report triggered.
2025-03-25T14:38:09.443+0530 INFO Resubscribing sharedlead.
2025-03-25T14:38:09.555+0530 INFO Starting Valid Tile action on Shared Leads edit list.
2025-03-25T14:38:09.691+0530 INFO Starting Exclude Tile action on Shared Leads edit list.
2025-03-25T14:38:09.808+0530 INFO Starting Undeliverable Tile action on Shared Leads edit list.
2025-03-25T14:38:09.917+0530 INFO Starting actions on all Shared Leads tiles.
2025-03-25T14:38:11.925+0530 INFO Hovering on Shared Leads section.
2025-03-25T14:38:14.288+0530 INFO Hovered and clicked on Shared Leads section.
2025-03-25T14:38:28.582+0530 INFO Applying filter on Shared Leads.
2025-03-25T14:38:38.010+0530 INFO Filter applied successfully.
2025-03-25T14:38:39.025+0530 INFO Searching with filter.
2025-03-25T14:38:42.570+0530 INFO Filter search applied.
2025-03-25T14:38:43.581+0530 INFO Managing Shared Leads tiles sorting.
2025-03-25T14:39:04.082+0530 INFO Shared Leads tiles sorting completed.
2025-03-25T14:39:05.096+0530 INFO Managing email reports for Shared Leads tiles.
2025-03-25T14:39:06.384+0530 INFO Email report triggered.
2025-03-25T14:39:09.699+0530 INFO Closing the filter.
2025-03-25T14:39:11.027+0530 INFO Filter closed.
2025-03-25T14:39:12.034+0530 INFO Actions on all Shared Leads tiles completed.
2025-03-25T14:39:15.052+0530 INFO Starting actions on Valid Shared Leads tile.
2025-03-25T14:39:18.335+0530 INFO Managing email reports for Shared Leads tiles.
2025-03-25T14:39:19.687+0530 INFO Email report triggered.
2025-03-25T14:39:20.927+0530 INFO Email report for Valid Tile Shared Leads captured.
2025-03-25T14:39:22.948+0530 INFO Starting actions on Exclude Shared Leads tile.
2025-03-25T14:39:25.089+0530 INFO Starting actions on Undeliverable Shared Leads tile.
2025-03-25T14:39:25.304+0530 INFO Starting Unsubscribe action on Shared Leads tile.
2025-03-25T14:39:25.403+0530 INFO Starting sorting actions on Shared Leads.
2025-03-25T14:39:27.424+0530 INFO Hovering on Shared Leads section.
2025-03-25T14:39:29.806+0530 INFO Hovered and clicked on Shared Leads section.
2025-03-25T14:39:41.065+0530 INFO Selecting sorting option '1: Object'
2025-03-25T14:39:41.066+0530 INFO Managing sorting on Shared Leads edit tiles.
2025-03-25T14:39:43.589+0530 INFO Selecting sorting option '2: Object'
2025-03-25T14:39:43.589+0530 INFO Managing sorting on Shared Leads edit tiles.
2025-03-25T14:39:45.125+0530 INFO Selecting sorting option '3: Object'
2025-03-25T14:39:45.125+0530 INFO Managing sorting on Shared Leads edit tiles.
2025-03-25T14:39:46.799+0530 INFO Selecting sorting option '4: Object'
2025-03-25T14:39:46.800+0530 INFO Managing sorting on Shared Leads edit tiles.
2025-03-25T14:39:50.515+0530 INFO Managing Shared Leads Grid actions.
2025-03-25T14:40:03.553+0530 INFO Applying filter on Shared Leads.
2025-03-25T14:40:12.950+0530 INFO Filter applied successfully.
2025-03-25T14:40:13.963+0530 INFO Managing email reports for Shared Leads tiles.
2025-03-25T14:40:15.251+0530 INFO Email report triggered.
2025-03-25T14:40:16.257+0530 INFO Searching with filter.
2025-03-25T14:40:19.784+0530 INFO Filter search applied.
2025-03-25T14:40:21.025+0530 INFO Grid management actions completed.
2025-03-25T14:40:23.054+0530 INFO Hovering on Shared Leads section.
2025-03-25T14:40:25.474+0530 INFO Hovered and clicked on Shared Leads section.
2025-03-25T14:40:28.487+0530 INFO Starting search action on Shared Leads.
2025-03-25T14:40:31.875+0530 INFO Search for 'Auto' in Shared Leads executed.
2025-03-25T14:48:36.031+0530 INFO Successfully open the Web application
2025-03-25T14:48:40.800+0530 INFO Successfully log into the application
2025-03-25T14:48:40.808+0530 INFO Starting Shared Leads Listview Actions on All Tile.
2025-03-25T14:48:45.825+0530 INFO Hovering on Shared Leads section.
2025-03-25T14:48:48.247+0530 INFO Hovered and clicked on Shared Leads section.
2025-03-25T14:48:52.622+0530 INFO Applying filter on Shared Leads.
2025-03-25T14:49:01.804+0530 INFO Filter applied successfully.
2025-03-25T14:49:07.117+0530 INFO Starting sort tests for Shared Leads edit tiles.
2025-03-25T14:49:13.143+0530 INFO Managing sorting on Shared Leads edit tiles.
2025-03-25T14:49:16.711+0530 INFO Managing sorting on Shared Leads edit tiles.
2025-03-25T14:49:20.309+0530 INFO Managing sorting on Shared Leads edit tiles.
2025-03-25T14:49:23.891+0530 INFO Managing sorting on Shared Leads edit tiles.
2025-03-25T14:49:27.481+0530 INFO Managing sorting on Shared Leads edit tiles.
2025-03-25T14:49:31.184+0530 INFO Managing sorting on Shared Leads edit tiles.
2025-03-25T14:49:36.974+0530 INFO Searching with filter.
2025-03-25T14:49:40.350+0530 INFO Filter search applied.
2025-03-25T14:49:41.353+0530 INFO Managing email reports for Shared Leads tiles.
2025-03-25T14:49:42.604+0530 INFO Email report triggered.
2025-03-25T14:49:46.767+0530 INFO Starting Valid Tile action on Shared Leads edit list.
2025-03-25T14:49:46.925+0530 INFO Starting Exclude Tile action on Shared Leads edit list.
2025-03-25T14:49:47.049+0530 INFO Starting Undeliverable Tile action on Shared Leads edit list.
2025-03-25T14:49:47.161+0530 INFO Starting actions on all Shared Leads tiles.
2025-03-25T14:49:49.171+0530 INFO Hovering on Shared Leads section.
2025-03-25T14:49:51.513+0530 INFO Hovered and clicked on Shared Leads section.
2025-03-25T14:50:05.761+0530 INFO Applying filter on Shared Leads.
2025-03-25T14:50:14.913+0530 INFO Filter applied successfully.
2025-03-25T14:50:15.925+0530 INFO Searching with filter.
2025-03-25T14:50:19.263+0530 INFO Filter search applied.
2025-03-25T14:50:20.286+0530 INFO Managing Shared Leads tiles sorting.
2025-03-25T14:50:40.516+0530 INFO Shared Leads tiles sorting completed.
2025-03-25T14:50:41.524+0530 INFO Managing email reports for Shared Leads tiles.
2025-03-25T14:50:42.769+0530 INFO Email report triggered.
2025-03-25T14:50:45.941+0530 INFO Closing the filter.
2025-03-25T14:50:47.152+0530 INFO Filter closed.
2025-03-25T14:50:48.168+0530 INFO Actions on all Shared Leads tiles completed.
2025-03-25T14:50:51.182+0530 INFO Starting actions on Valid Shared Leads tile.
2025-03-25T14:50:54.412+0530 INFO Managing email reports for Shared Leads tiles.
2025-03-25T14:50:55.621+0530 INFO Email report triggered.
2025-03-25T14:50:56.766+0530 INFO Email report for Valid Tile Shared Leads captured.
2025-03-25T14:50:58.789+0530 INFO Starting actions on Exclude Shared Leads tile.
2025-03-25T14:51:00.915+0530 INFO Starting actions on Undeliverable Shared Leads tile.
2025-03-25T14:51:01.025+0530 INFO Starting Unsubscribe action on Shared Leads tile.
2025-03-25T14:51:01.132+0530 INFO Starting sorting actions on Shared Leads.
2025-03-25T14:51:03.148+0530 INFO Hovering on Shared Leads section.
2025-03-25T14:51:05.451+0530 INFO Hovered and clicked on Shared Leads section.
2025-03-25T14:51:16.746+0530 INFO Selecting sorting option '1: Object'
2025-03-25T14:51:16.747+0530 INFO Managing sorting on Shared Leads edit tiles.
2025-03-25T14:51:19.251+0530 INFO Selecting sorting option '2: Object'
2025-03-25T14:51:19.251+0530 INFO Managing sorting on Shared Leads edit tiles.
2025-03-25T14:51:20.831+0530 INFO Selecting sorting option '3: Object'
2025-03-25T14:51:20.831+0530 INFO Managing sorting on Shared Leads edit tiles.
2025-03-25T14:51:22.444+0530 INFO Selecting sorting option '4: Object'
2025-03-25T14:51:22.444+0530 INFO Managing sorting on Shared Leads edit tiles.
2025-03-25T14:51:26.196+0530 INFO Managing Shared Leads Grid actions.
2025-03-25T14:51:39.025+0530 INFO Applying filter on Shared Leads.
2025-03-25T14:51:48.170+0530 INFO Filter applied successfully.
2025-03-25T14:51:49.177+0530 INFO Managing email reports for Shared Leads tiles.
2025-03-25T14:51:50.508+0530 INFO Email report triggered.
2025-03-25T14:51:51.516+0530 INFO Searching with filter.
2025-03-25T14:51:54.875+0530 INFO Filter search applied.
2025-03-25T14:51:56.059+0530 INFO Grid management actions completed.
2025-03-25T14:51:58.085+0530 INFO Hovering on Shared Leads section.
2025-03-25T14:52:00.461+0530 INFO Hovered and clicked on Shared Leads section.
2025-03-25T14:52:03.468+0530 INFO Starting search action on Shared Leads.
2025-03-25T14:52:06.937+0530 INFO Search for 'Auto' in Shared Leads executed.
2025-03-25T14:54:17.852+0530 INFO Starting Shared Leads Listview Actions on All Tile.
2025-03-25T15:04:26.228+0530 INFO Successfully open the Web application
2025-03-25T15:04:30.986+0530 INFO Successfully log into the application
2025-03-25T15:04:30.999+0530 INFO Starting Shared Leads Listview Actions on All Tile.
2025-03-25T15:04:36.005+0530 INFO Hovering on Shared Leads section.
2025-03-25T15:04:38.436+0530 INFO Hovered and clicked on Shared Leads section.
2025-03-25T15:04:42.762+0530 INFO Applying filter on Shared Leads.
2025-03-25T15:04:51.940+0530 INFO Filter applied successfully.
2025-03-25T15:04:57.192+0530 INFO Starting sort tests for Shared Leads edit tiles.
2025-03-25T15:05:03.202+0530 INFO Managing sorting on Shared Leads edit tiles.
2025-03-25T15:05:06.780+0530 INFO Managing sorting on Shared Leads edit tiles.
2025-03-25T15:05:10.363+0530 INFO Managing sorting on Shared Leads edit tiles.
2025-03-25T15:05:15.326+0530 INFO Managing sorting on Shared Leads edit tiles.
2025-03-25T15:05:58.460+0530 INFO Successfully open the Web application
2025-03-25T15:05:58.702+0530 INFO Starting Shared Leads Listview Actions on All Tile.
2025-03-25T15:06:03.732+0530 INFO Hovering on Shared Leads section.
2025-03-25T15:06:03.780+0530 INFO Starting Valid Tile action on Shared Leads edit list.
2025-03-25T15:06:03.928+0530 INFO Starting Exclude Tile action on Shared Leads edit list.
2025-03-25T15:06:03.970+0530 INFO Starting Undeliverable Tile action on Shared Leads edit list.
2025-03-25T15:06:03.999+0530 INFO Starting actions on all Shared Leads tiles.
2025-03-25T15:06:06.004+0530 INFO Hovering on Shared Leads section.
2025-03-25T15:06:09.036+0530 INFO Starting actions on Valid Shared Leads tile.
2025-03-25T15:06:09.080+0530 INFO Starting actions on Exclude Shared Leads tile.
2025-03-25T15:06:11.112+0530 INFO Starting actions on Undeliverable Shared Leads tile.
2025-03-25T15:06:11.132+0530 INFO Starting Unsubscribe action on Shared Leads tile.
2025-03-25T15:06:11.168+0530 INFO Starting sorting actions on Shared Leads.
2025-03-25T15:06:13.176+0530 INFO Hovering on Shared Leads section.
2025-03-25T15:06:13.208+0530 INFO Managing Shared Leads Grid actions.
2025-03-25T15:06:18.254+0530 INFO Hovering on Shared Leads section.
2025-03-25T15:15:27.832+0530 INFO Successfully open the Web application
2025-03-25T15:15:32.613+0530 INFO Successfully log into the application
2025-03-25T15:15:32.623+0530 INFO Starting Shared Leads Listview Actions on All Tile.
2025-03-25T15:15:37.642+0530 INFO Hovering on Shared Leads section.
2025-03-25T15:15:40.087+0530 INFO Hovered and clicked on Shared Leads section.
2025-03-25T15:15:44.459+0530 INFO Applying filter on Shared Leads.
2025-03-25T15:15:53.792+0530 INFO Filter applied successfully.
2025-03-25T15:15:59.078+0530 INFO Starting sort tests for Shared Leads edit tiles.
2025-03-25T15:16:05.086+0530 INFO Managing sorting on Shared Leads edit tiles.
2025-03-25T15:16:08.653+0530 INFO Managing sorting on Shared Leads edit tiles.
2025-03-25T15:16:12.282+0530 INFO Managing sorting on Shared Leads edit tiles.
2025-03-25T15:16:15.845+0530 INFO Managing sorting on Shared Leads edit tiles.
2025-03-25T15:16:19.540+0530 INFO Managing sorting on Shared Leads edit tiles.
2025-03-25T15:16:23.394+0530 INFO Managing sorting on Shared Leads edit tiles.
2025-03-25T15:16:29.143+0530 INFO Searching with filter.
2025-03-25T15:16:32.592+0530 INFO Filter search applied.
2025-03-25T15:16:33.601+0530 INFO Managing email reports for Shared Leads tiles.
2025-03-25T15:16:34.672+0530 INFO Starting Valid Tile action on Shared Leads edit list.
2025-03-25T15:16:34.905+0530 INFO Starting Exclude Tile action on Shared Leads edit list.
2025-03-25T15:16:34.952+0530 INFO Starting Undeliverable Tile action on Shared Leads edit list.
2025-03-25T15:16:34.967+0530 INFO Starting actions on all Shared Leads tiles.
2025-03-25T15:16:36.993+0530 INFO Hovering on Shared Leads section.
2025-03-25T15:17:09.916+0530 INFO Successfully open the Web application
2025-03-25T15:17:14.714+0530 INFO Successfully log into the application
2025-03-25T15:17:14.724+0530 INFO Starting Shared Leads Listview Actions on All Tile.
2025-03-25T15:17:19.735+0530 INFO Hovering on Shared Leads section.
2025-03-25T15:17:22.089+0530 INFO Hovered and clicked on Shared Leads section.
2025-03-25T15:17:26.417+0530 INFO Applying filter on Shared Leads.
2025-03-25T15:17:35.723+0530 INFO Filter applied successfully.
2025-03-25T15:17:40.962+0530 INFO Starting sort tests for Shared Leads edit tiles.
2025-03-25T15:17:46.976+0530 INFO Managing sorting on Shared Leads edit tiles.
2025-03-25T15:17:50.525+0530 INFO Managing sorting on Shared Leads edit tiles.
2025-03-25T15:17:54.111+0530 INFO Managing sorting on Shared Leads edit tiles.
2025-03-25T15:17:57.754+0530 INFO Managing sorting on Shared Leads edit tiles.
2025-03-25T15:18:01.429+0530 INFO Managing sorting on Shared Leads edit tiles.
2025-03-25T15:18:05.107+0530 INFO Managing sorting on Shared Leads edit tiles.
2025-03-25T15:18:10.861+0530 INFO Searching with filter.
2025-03-25T15:18:14.168+0530 INFO Filter search applied.
2025-03-25T15:18:15.181+0530 INFO Managing email reports for Shared Leads tiles.
2025-03-25T15:18:16.444+0530 INFO Email report triggered.
2025-03-25T15:18:24.190+0530 INFO Completed Shared Leads Listview Actions on All Tile.
2025-03-25T15:18:24.206+0530 INFO Starting Unsubscribe action on Shared Leads tile.
2025-03-25T15:18:32.601+0530 INFO Searching with filter.
2025-03-25T15:18:35.946+0530 INFO Filter search applied.
2025-03-25T15:18:36.949+0530 INFO Managing email reports for Shared Leads tiles.
2025-03-25T15:18:38.218+0530 INFO Email report triggered.
2025-03-25T15:18:39.232+0530 INFO Resubscribing sharedlead.
2025-03-25T15:18:43.154+0530 INFO Resubscribe action completed and screenshot taken.
2025-03-25T15:18:43.163+0530 INFO Starting Valid Tile action on Shared Leads edit list.
2025-03-25T15:18:43.263+0530 INFO Starting Exclude Tile action on Shared Leads edit list.
2025-03-25T15:18:43.374+0530 INFO Starting Undeliverable Tile action on Shared Leads edit list.
2025-03-25T15:18:43.462+0530 INFO Starting actions on all Shared Leads tiles.
2025-03-25T15:18:45.484+0530 INFO Hovering on Shared Leads section.
2025-03-25T15:18:47.814+0530 INFO Hovered and clicked on Shared Leads section.
2025-03-25T15:19:02.063+0530 INFO Applying filter on Shared Leads.
2025-03-25T15:19:11.212+0530 INFO Filter applied successfully.
2025-03-25T15:19:12.214+0530 INFO Searching with filter.
2025-03-25T15:19:15.641+0530 INFO Filter search applied.
2025-03-25T15:19:16.657+0530 INFO Managing Shared Leads tiles sorting.
2025-03-25T15:19:36.815+0530 INFO Shared Leads tiles sorting completed.
2025-03-25T15:19:37.825+0530 INFO Managing email reports for Shared Leads tiles.
2025-03-25T15:19:39.081+0530 INFO Email report triggered.
2025-03-25T15:19:42.241+0530 INFO Closing the filter.
2025-03-25T15:19:43.444+0530 INFO Filter closed.
2025-03-25T15:19:44.448+0530 INFO Actions on all Shared Leads tiles completed.
2025-03-25T15:19:47.467+0530 INFO Starting actions on Valid Shared Leads tile.
2025-03-25T15:19:50.687+0530 INFO Managing email reports for Shared Leads tiles.
2025-03-25T15:19:51.905+0530 INFO Email report triggered.
2025-03-25T15:19:53.076+0530 INFO Email report for Valid Tile Shared Leads captured.
2025-03-25T15:19:55.092+0530 INFO Starting actions on Exclude Shared Leads tile.
2025-03-25T15:19:57.250+0530 INFO Starting actions on Undeliverable Shared Leads tile.
2025-03-25T15:19:57.368+0530 INFO Starting Unsubscribe action on Shared Leads tile.
2025-03-25T15:19:57.457+0530 INFO Starting sorting actions on Shared Leads.
2025-03-25T15:19:59.473+0530 INFO Hovering on Shared Leads section.
2025-03-25T15:20:01.842+0530 INFO Hovered and clicked on Shared Leads section.
2025-03-25T15:20:13.072+0530 INFO Selecting sorting option '1: Object'
2025-03-25T15:20:13.072+0530 INFO Managing sorting on Shared Leads edit tiles.
2025-03-25T15:20:15.615+0530 INFO Selecting sorting option '2: Object'
2025-03-25T15:20:15.615+0530 INFO Managing sorting on Shared Leads edit tiles.
2025-03-25T15:20:17.158+0530 INFO Selecting sorting option '3: Object'
2025-03-25T15:20:17.158+0530 INFO Managing sorting on Shared Leads edit tiles.
2025-03-25T15:20:18.961+0530 INFO Selecting sorting option '4: Object'
2025-03-25T15:20:18.961+0530 INFO Managing sorting on Shared Leads edit tiles.
2025-03-25T15:20:22.771+0530 INFO Managing Shared Leads Grid actions.
2025-03-25T15:20:35.531+0530 INFO Applying filter on Shared Leads.
2025-03-25T15:20:44.705+0530 INFO Filter applied successfully.
2025-03-25T15:20:45.717+0530 INFO Managing email reports for Shared Leads tiles.
2025-03-25T15:20:46.933+0530 INFO Email report triggered.
2025-03-25T15:20:47.939+0530 INFO Searching with filter.
2025-03-25T15:20:51.309+0530 INFO Filter search applied.
2025-03-25T15:20:52.488+0530 INFO Grid management actions completed.
2025-03-25T15:20:54.501+0530 INFO Hovering on Shared Leads section.
2025-03-25T15:20:56.847+0530 INFO Hovered and clicked on Shared Leads section.
2025-03-25T15:20:59.853+0530 INFO Starting search action on Shared Leads.
2025-03-25T15:21:03.201+0530 INFO Search for 'Auto' in Shared Leads executed.
2025-03-25T15:25:49.426+0530 INFO Successfully open the Web application
2025-03-25T15:25:54.306+0530 INFO Successfully log into the application
2025-03-25T15:25:54.318+0530 INFO Starting Shared Leads Listview Actions on All Tile.
2025-03-25T15:25:59.328+0530 INFO Hovering on Shared Leads section.
2025-03-25T15:26:02.205+0530 INFO Hovered and clicked on Shared Leads section.
2025-03-25T15:26:06.675+0530 INFO Applying filter on Shared Leads.
2025-03-25T15:26:16.005+0530 INFO Filter applied successfully.
2025-03-25T15:26:21.266+0530 INFO Starting sort tests for Shared Leads edit tiles.
2025-03-25T15:26:27.288+0530 INFO Managing sorting on Shared Leads edit tiles.
2025-03-25T15:26:30.959+0530 INFO Managing sorting on Shared Leads edit tiles.
2025-03-25T15:26:34.477+0530 INFO Managing sorting on Shared Leads edit tiles.
2025-03-25T15:26:38.126+0530 INFO Managing sorting on Shared Leads edit tiles.
2025-03-25T15:26:41.805+0530 INFO Managing sorting on Shared Leads edit tiles.
2025-03-25T15:26:45.435+0530 INFO Managing sorting on Shared Leads edit tiles.
2025-03-25T15:26:51.127+0530 INFO Searching with filter.
2025-03-25T15:26:54.415+0530 INFO Filter search applied.
2025-03-25T15:26:55.421+0530 INFO Managing email reports for Shared Leads tiles.
2025-03-25T15:26:56.706+0530 INFO Email report triggered.
2025-03-25T15:27:04.370+0530 INFO Completed Shared Leads Listview Actions on All Tile.
2025-03-25T15:27:04.386+0530 INFO Starting Unsubscribe action on Shared Leads tile.
2025-03-25T15:27:12.753+0530 INFO Searching with filter.
2025-03-25T15:27:16.140+0530 INFO Filter search applied.
2025-03-25T15:27:17.142+0530 INFO Managing email reports for Shared Leads tiles.
2025-03-25T15:27:18.363+0530 INFO Email report triggered.
2025-03-25T15:27:19.374+0530 INFO Resubscribing sharedlead.
2025-03-25T15:27:23.315+0530 INFO Resubscribe action completed and screenshot taken.
2025-03-25T15:27:23.324+0530 INFO Starting Valid Tile action on Shared Leads edit list.
2025-03-25T15:27:23.447+0530 INFO Starting Exclude Tile action on Shared Leads edit list.
2025-03-25T15:27:23.576+0530 INFO Starting Undeliverable Tile action on Shared Leads edit list.
2025-03-25T15:27:23.732+0530 INFO Starting actions on all Shared Leads tiles.
2025-03-25T15:27:25.743+0530 INFO Hovering on Shared Leads section.
2025-03-25T15:27:28.084+0530 INFO Hovered and clicked on Shared Leads section.
2025-03-25T15:27:42.331+0530 INFO Applying filter on Shared Leads.
2025-03-25T15:27:51.523+0530 INFO Filter applied successfully.
2025-03-25T15:27:52.539+0530 INFO Searching with filter.
2025-03-25T15:27:55.926+0530 INFO Filter search applied.
2025-03-25T15:27:56.933+0530 INFO Managing Shared Leads tiles sorting.
2025-03-25T15:28:17.073+0530 INFO Shared Leads tiles sorting completed.
2025-03-25T15:28:18.078+0530 INFO Managing email reports for Shared Leads tiles.
2025-03-25T15:28:19.298+0530 INFO Email report triggered.
2025-03-25T15:28:22.472+0530 INFO Closing the filter.
2025-03-25T15:28:23.692+0530 INFO Filter closed.
2025-03-25T15:28:24.693+0530 INFO Actions on all Shared Leads tiles completed.
2025-03-25T15:28:27.715+0530 INFO Starting actions on Valid Shared Leads tile.
2025-03-25T15:28:30.936+0530 INFO Managing email reports for Shared Leads tiles.
2025-03-25T15:28:32.156+0530 INFO Email report triggered.
2025-03-25T15:28:33.321+0530 INFO Email report for Valid Tile Shared Leads captured.
2025-03-25T15:28:35.350+0530 INFO Starting actions on Exclude Shared Leads tile.
2025-03-25T15:28:37.506+0530 INFO Starting actions on Undeliverable Shared Leads tile.
2025-03-25T15:28:37.628+0530 INFO Starting Unsubscribe action on Shared Leads tile.
2025-03-25T15:28:37.715+0530 INFO Starting sorting actions on Shared Leads.
2025-03-25T15:28:39.730+0530 INFO Hovering on Shared Leads section.
2025-03-25T15:28:42.045+0530 INFO Hovered and clicked on Shared Leads section.
2025-03-25T15:28:53.281+0530 INFO Selecting sorting option '1: Object'
2025-03-25T15:28:53.281+0530 INFO Managing sorting on Shared Leads edit tiles.
2025-03-25T15:28:55.863+0530 INFO Selecting sorting option '2: Object'
2025-03-25T15:28:55.863+0530 INFO Managing sorting on Shared Leads edit tiles.
2025-03-25T15:28:57.431+0530 INFO Selecting sorting option '3: Object'
2025-03-25T15:28:57.432+0530 INFO Managing sorting on Shared Leads edit tiles.
2025-03-25T15:28:59.142+0530 INFO Selecting sorting option '4: Object'
2025-03-25T15:28:59.142+0530 INFO Managing sorting on Shared Leads edit tiles.
2025-03-25T15:29:02.975+0530 INFO Managing Shared Leads Grid actions.
2025-03-25T15:29:15.793+0530 INFO Applying filter on Shared Leads.
2025-03-25T15:29:24.937+0530 INFO Filter applied successfully.
2025-03-25T15:29:25.950+0530 INFO Managing email reports for Shared Leads tiles.
2025-03-25T15:29:27.205+0530 INFO Email report triggered.
2025-03-25T15:29:28.227+0530 INFO Searching with filter.
2025-03-25T15:29:31.547+0530 INFO Filter search applied.
2025-03-25T15:29:32.729+0530 INFO Grid management actions completed.
2025-03-25T15:29:34.743+0530 INFO Hovering on Shared Leads section.
2025-03-25T15:29:37.066+0530 INFO Hovered and clicked on Shared Leads section.
2025-03-25T15:29:40.073+0530 INFO Starting search action on Shared Leads.
2025-03-25T15:29:43.484+0530 INFO Search for 'Auto' in Shared Leads executed.
2025-03-25T15:46:46.628+0530 INFO Hover the campaign module
2025-03-25T15:47:03.309+0530 INFO Click on Preview Icon
2025-03-25T15:47:20.186+0530 INFO click on Redistribute campaign icon
2025-03-25T15:47:30.241+0530 INFO click on Subject line
2025-03-25T15:49:27.525+0530 INFO video Campaign Scheduled Successfully
2025-03-25T15:49:36.833+0530 INFO Hover the campaign module
2025-03-25T15:49:53.506+0530 INFO Click on Preview Icon
2025-03-25T15:50:10.108+0530 INFO click on Redistribute campaign icon
2025-03-25T15:50:20.372+0530 INFO click on Subject line
2025-03-25T15:51:52.795+0530 INFO video Campaign saved Successfully
2025-03-25T15:52:05.186+0530 INFO Hover the campaign module
2025-03-25T15:52:21.856+0530 INFO Click on Preview Icon
2025-03-25T15:52:38.603+0530 INFO click on Redistribute campaign icon
2025-03-25T15:52:48.928+0530 INFO click on Subject line
2025-03-25T15:53:56.585+0530 INFO Video Campaign Redistributed Successfully
2025-03-25T15:54:05.064+0530 INFO Hover the campaign module
2025-03-25T15:54:15.470+0530 INFO Click on Manage campaign
2025-03-25T15:54:20.751+0530 INFO Click on the Email tab
2025-03-25T15:54:23.987+0530 INFO Click on Edit
2025-03-25T15:54:37.146+0530 INFO Click on Preview
2025-03-25T15:54:52.116+0530 INFO Click on Archive
2025-03-25T15:55:13.604+0530 INFO Click on Analytics icon under manage Campaigns
2025-03-25T15:55:16.964+0530 INFO Click on the Recipients
2025-03-25T15:55:43.738+0530 INFO Click on the Total Email sent
2025-03-25T15:56:06.436+0530 INFO Click on the Deliverability
2025-03-25T15:56:29.097+0530 INFO Click on the Open rate
2025-03-25T15:56:29.162+0530 INFO Click on Active Recipients
2025-03-25T15:56:29.240+0530 INFO Click on the Clicked URL tile
2025-03-25T15:56:29.313+0530 INFO Click on Hard bounce
2025-03-25T15:56:29.536+0530 INFO Click on Soft bounce
2025-03-25T15:56:29.582+0530 INFO Click on Unsubscribe
2025-03-25T15:57:09.749+0530 INFO Click on Register lead button
2025-03-25T15:57:15.057+0530 INFO Click on Select pipeline Dropdown
2025-03-25T15:57:21.635+0530 INFO click on Firstname
2025-03-25T15:57:25.495+0530 INFO click on Lastname
2025-03-25T15:57:29.311+0530 INFO click on Address
2025-03-25T15:58:01.378+0530 INFO Click on Leads
2025-03-25T15:58:57.781+0530 INFO Click on Deals
2025-03-25T15:58:57.782+0530 INFO Click on Deals
2025-03-25T15:59:05.660+0530 INFO Click on Deal Preview
2025-03-25T15:59:12.125+0530 INFO Click on Deal edit
2025-03-25T15:59:21.894+0530 INFO Click on filter
2025-03-25T15:59:39.015+0530 INFO Click on Deal filter
2025-03-25T15:59:42.545+0530 INFO Click on Deal download
2025-03-25T15:59:49.328+0530 INFO Click on Navigation Breadcrumb
2025-03-25T16:00:06.607+0530 INFO Hover the campaign module
2025-03-25T16:00:30.185+0530 INFO Click on Preview Icon
2025-03-25T16:00:47.115+0530 INFO Email template download clicked successfully
2025-03-25T16:00:49.508+0530 INFO Email template download html clicked successfully
2025-03-25T16:00:56.983+0530 INFO Email template download html clicked successfully
2025-03-25T16:01:06.235+0530 INFO Email template download_history clicked successfully
2025-03-25T16:01:08.470+0530 INFO Email template download_history clicked successfully
2025-03-25T16:01:10.484+0530 INFO click on Redistribute campaign icon
2025-03-25T16:01:18.080+0530 INFO click on Subject line
2025-03-25T16:02:18.163+0530 INFO Email Campaign Scheduled Successfully
2025-03-25T16:02:21.600+0530 INFO Hover the campaign module
2025-03-25T16:02:45.483+0530 INFO Click on Preview Icon
2025-03-25T16:03:02.208+0530 INFO Email template download clicked successfully
2025-03-25T16:03:04.573+0530 INFO Email template download html clicked successfully
2025-03-25T16:03:11.931+0530 INFO Email template download html clicked successfully
2025-03-25T16:03:21.180+0530 INFO Email template download_history clicked successfully
2025-03-25T16:03:23.403+0530 INFO Email template download_history clicked successfully
2025-03-25T16:03:25.410+0530 INFO click on Redistribute campaign icon
2025-03-25T16:03:33.079+0530 INFO click on Subject line
2025-03-25T16:04:33.158+0530 INFO Email Campaign saved Successfully
2025-03-25T16:04:41.625+0530 INFO Hover the campaign module
2025-03-25T16:05:05.306+0530 INFO Click on Preview Icon
2025-03-25T16:05:22.016+0530 INFO Email template download clicked successfully
2025-03-25T16:05:24.267+0530 INFO Email template download html clicked successfully
2025-03-25T16:05:31.739+0530 INFO Email template download html clicked successfully
2025-03-25T16:05:41.015+0530 INFO Email template download_history clicked successfully
2025-03-25T16:05:43.296+0530 INFO Email template download_history clicked successfully
2025-03-25T16:05:45.306+0530 INFO click on Redistribute campaign icon
2025-03-25T16:05:53.043+0530 INFO click on Subject line
2025-03-25T16:06:41.538+0530 INFO Email Campaign Redistributed Successfully
2025-03-25T16:06:45.001+0530 INFO Hover the campaign module
2025-03-25T16:06:55.470+0530 INFO Click on Manage campaign
2025-03-25T16:07:00.816+0530 INFO Click on the Email tab
2025-03-25T16:07:04.132+0530 INFO Click on Edit
2025-03-25T16:07:17.765+0530 INFO Click on Preview
2025-03-25T16:07:29.736+0530 INFO Click on Archive
2025-03-25T16:07:51.718+0530 INFO Click on Analytics icon under manage Campaigns
2025-03-25T16:07:55.047+0530 INFO Click on the Recipients
2025-03-25T16:08:21.919+0530 INFO Click on the Total Email sent
2025-03-25T16:08:44.829+0530 INFO Click on the Deliverability
2025-03-25T16:09:07.815+0530 INFO Click on the Open rate
2025-03-25T16:09:07.894+0530 INFO Click on Active Recipients
2025-03-25T16:09:07.963+0530 INFO Click on the Clicked URL tile
2025-03-25T16:09:08.033+0530 INFO Click on Hard bounce
2025-03-25T16:09:08.095+0530 INFO Click on Soft bounce
2025-03-25T16:09:08.158+0530 INFO Click on Unsubscribe
2025-03-25T16:09:48.686+0530 INFO Click on Register lead button
2025-03-25T16:09:53.977+0530 INFO Click on Select pipeline Dropdown
2025-03-25T16:10:00.540+0530 INFO click on Firstname
2025-03-25T16:10:04.813+0530 INFO click on Lastname
2025-03-25T16:10:09.114+0530 INFO click on Address
2025-03-25T16:10:42.076+0530 INFO Click on Leads
2025-03-25T16:11:39.346+0530 INFO Click on Deals
2025-03-25T16:11:47.764+0530 INFO Click on Deal Preview
2025-03-25T16:11:54.340+0530 INFO Click on Deal edit
2025-03-25T16:12:04.078+0530 INFO Click on filter
2025-03-25T16:12:21.176+0530 INFO Click on Deal filter
2025-03-25T16:12:24.676+0530 INFO Click on Deal download
2025-03-25T16:12:31.349+0530 INFO Click on Navigation Breadcrumb
2025-03-25T16:12:48.606+0530 INFO Hover the campaign module
2025-03-25T16:13:02.336+0530 INFO Click on Preview Icon
2025-03-25T16:13:19.274+0530 INFO Email template download clicked successfully
2025-03-25T16:13:23.586+0530 INFO Email template download html clicked successfully
2025-03-25T16:13:37.178+0530 INFO Email template download html clicked successfully
2025-03-25T16:13:49.416+0530 INFO Email template download_history clicked successfully
2025-03-25T16:13:53.647+0530 INFO Email template download_history clicked successfully
2025-03-25T16:13:57.652+0530 INFO click on Redistribute campaign icon
2025-03-25T16:14:09.013+0530 INFO click on Subject line
2025-03-25T16:14:28.005+0530 INFO Click on Search box
2025-03-25T16:14:57.611+0530 INFO Click on Schedule
2025-03-25T16:15:44.588+0530 INFO Survey Redistribution Campaign Scheduled Successfully
2025-03-25T16:15:48.210+0530 INFO Hover the campaign module
2025-03-25T16:16:02.111+0530 INFO Click on Preview Icon
2025-03-25T16:16:19.033+0530 INFO Email template download clicked successfully
2025-03-25T16:16:23.292+0530 INFO Email template download html clicked successfully
2025-03-25T16:16:36.840+0530 INFO Email template download html clicked successfully
2025-03-25T16:16:49.094+0530 INFO Email template download_history clicked successfully
2025-03-25T16:16:53.442+0530 INFO Email template download_history clicked successfully
2025-03-25T16:16:57.454+0530 INFO click on Redistribute campaign icon
2025-03-25T16:17:08.782+0530 INFO click on Subject line
2025-03-25T16:17:27.874+0530 INFO Click on Search box
2025-03-25T16:17:53.705+0530 INFO Click On Save
2025-03-25T16:17:57.019+0530 INFO Click On SendTestMail
2025-03-25T16:18:13.922+0530 INFO Click on Save for Redistribution survey campaign
2025-03-25T16:18:17.293+0530 INFO Survey Redistribution Campaign Saved Successfully
2025-03-25T16:18:20.839+0530 INFO Hover the campaign module
2025-03-25T16:18:34.772+0530 INFO Click on Preview Icon
2025-03-25T16:18:51.556+0530 INFO Email template download clicked successfully
2025-03-25T16:18:55.834+0530 INFO Email template download html clicked successfully
2025-03-25T16:19:09.584+0530 INFO Email template download html clicked successfully
2025-03-25T16:19:21.857+0530 INFO Email template download_history clicked successfully
2025-03-25T16:19:26.153+0530 INFO Email template download_history clicked successfully
2025-03-25T16:19:30.165+0530 INFO click on Redistribute campaign icon
2025-03-25T16:19:41.509+0530 INFO click on Subject line
2025-03-25T16:20:00.897+0530 INFO Click on Search box
2025-03-25T16:20:36.817+0530 INFO Click on Launch
2025-03-25T16:20:41.221+0530 INFO Survey Campaign Redistributed Successfully
2025-03-25T16:20:46.876+0530 INFO Hover the campaign module
2025-03-25T16:20:57.587+0530 INFO Click on Manage campaign
2025-03-25T16:21:02.958+0530 INFO Click on the Survey tab
2025-03-25T16:21:06.309+0530 INFO Click on Edit
2025-03-25T16:21:20.411+0530 INFO Click on Preview
2025-03-25T16:21:32.822+0530 INFO Click on Archive
2025-03-25T16:21:55.037+0530 INFO Click on Analytics icon under manage Campaigns
2025-03-25T16:21:58.595+0530 INFO Click on the Recipients
2025-03-25T16:22:25.922+0530 INFO Click on the Total Email sent
2025-03-25T16:22:49.359+0530 INFO Click on the Deliverability
2025-03-25T16:23:12.585+0530 INFO Click on the Open rate
2025-03-25T16:23:12.656+0530 INFO Click on Active Recipients
2025-03-25T16:23:12.712+0530 INFO Click on the Clicked URL tile
2025-03-25T16:23:12.776+0530 INFO Click on Hard bounce
2025-03-25T16:23:12.860+0530 INFO Click on Soft bounce
2025-03-25T16:23:12.917+0530 INFO Click on Unsubscribe
2025-03-25T16:23:53.707+0530 INFO Click on Register lead button
2025-03-25T16:23:58.994+0530 INFO Click on Select pipeline Dropdown
2025-03-25T16:24:05.563+0530 INFO click on Firstname
2025-03-25T16:24:10.219+0530 INFO click on Lastname
2025-03-25T16:24:14.927+0530 INFO click on Address
2025-03-25T16:24:49.078+0530 INFO Click on Leads
2025-03-25T16:25:37.140+0530 INFO Click on Deals
2025-03-25T16:25:45.409+0530 INFO Click on Deal Preview
2025-03-25T16:25:52.002+0530 INFO Click on Deal edit
2025-03-25T16:26:01.822+0530 INFO Click on filter
2025-03-25T16:26:19.020+0530 INFO Click on Deal filter
2025-03-25T16:26:22.584+0530 INFO Click on Deal download
2025-03-25T16:26:29.355+0530 INFO Click on Navigation Breadcrumb
2025-03-25T16:26:50.959+0530 INFO Click on Grid View
2025-03-25T16:26:57.954+0530 INFO Click on Folder Grid View
2025-03-25T16:27:16.301+0530 INFO Click on Folder List View
2025-03-25T16:27:29.975+0530 INFO Click on Listview
2025-03-25T16:27:36.555+0530 INFO Manage Redistributed Survey Campaign Successfully Completed
2025-03-25T16:28:14.331+0530 INFO Event tab clicked successfully
2025-03-25T16:28:20.938+0530 INFO Event tab preview clicked successfully
2025-03-25T16:28:35.133+0530 INFO Event tab preview closed successfully
2025-03-25T16:28:35.486+0530 INFO Email template download_history clicked successfully
2025-03-25T16:28:39.821+0530 INFO Email template download_history clicked successfully
2025-03-25T16:28:50.393+0530 INFO Click on Search box
2025-03-25T16:30:10.791+0530 INFO Event Campaign saved Successfully
2025-03-25T16:30:49.124+0530 INFO Event tab clicked successfully
2025-03-25T16:30:55.752+0530 INFO Event tab preview clicked successfully
2025-03-25T16:31:09.926+0530 INFO Event tab preview closed successfully
2025-03-25T16:31:10.249+0530 INFO Email template download_history clicked successfully
2025-03-25T16:31:14.612+0530 INFO Email template download_history clicked successfully
2025-03-25T16:31:25.123+0530 INFO Click on Search box
2025-03-25T16:32:01.248+0530 INFO Click on Schedule
2025-03-25T16:32:54.967+0530 INFO Event Redistribution Campaign Scheduled Successfully
2025-03-25T16:33:38.927+0530 INFO Event tab clicked successfully
2025-03-25T16:33:45.241+0530 INFO Event tab preview clicked successfully
2025-03-25T16:33:59.403+0530 INFO Event tab preview closed successfully
2025-03-25T16:33:59.839+0530 INFO Email template download_history clicked successfully
2025-03-25T16:34:04.250+0530 INFO Email template download_history clicked successfully
2025-03-25T16:34:14.751+0530 INFO Click on Search box
2025-03-25T16:35:19.609+0530 INFO Event Campaign Redistributed Successfully
2025-03-25T16:35:27.890+0530 INFO Hover the campaign module
2025-03-25T16:35:38.289+0530 INFO Click on Manage campaign
2025-03-25T16:35:43.668+0530 INFO Event tab clicked successfully
2025-03-25T16:35:52.647+0530 INFO Clicked on the edit icon successfully
2025-03-25T16:36:35.108+0530 INFO Redirected to ManageCampaign successfully
2025-03-25T16:36:40.309+0530 INFO Event tab clicked successfully
2025-03-26T09:28:41.735+0530 INFO Successfully open the Web application
2025-03-26T09:28:46.194+0530 INFO Successfully log into the application
2025-03-26T09:28:46.203+0530 INFO Starting Shared Leads Listview Actions on All Tile.
2025-03-26T09:28:51.221+0530 INFO Hovering on Shared Leads section.
2025-03-26T09:28:53.449+0530 INFO Hovered and clicked on Shared Leads section.
2025-03-26T09:28:57.663+0530 INFO Applying filter on Shared Leads.
2025-03-26T09:29:06.569+0530 INFO Filter applied successfully.
2025-03-26T09:29:11.736+0530 INFO Starting sort tests for Shared Leads edit tiles.
2025-03-26T09:29:17.742+0530 INFO Managing sorting on Shared Leads edit tiles.
2025-03-26T09:29:21.105+0530 INFO Managing sorting on Shared Leads edit tiles.
2025-03-26T09:29:24.485+0530 INFO Managing sorting on Shared Leads edit tiles.
2025-03-26T09:29:27.889+0530 INFO Managing sorting on Shared Leads edit tiles.
2025-03-26T09:29:31.292+0530 INFO Managing sorting on Shared Leads edit tiles.
2025-03-26T09:29:34.773+0530 INFO Managing sorting on Shared Leads edit tiles.
2025-03-26T09:29:40.224+0530 INFO Searching with filter.
2025-03-26T09:29:43.518+0530 INFO Filter search applied.
2025-03-26T09:29:44.532+0530 INFO Managing email reports for Shared Leads tiles.
2025-03-26T09:29:45.674+0530 INFO Email report triggered.
2025-03-26T09:29:53.194+0530 INFO Completed Shared Leads Listview Actions on All Tile.
2025-03-26T09:29:53.211+0530 INFO Starting Unsubscribe action on Shared Leads tile.
2025-03-26T09:30:01.443+0530 INFO Searching with filter.
2025-03-26T09:30:04.664+0530 INFO Filter search applied.
2025-03-26T09:30:05.680+0530 INFO Managing email reports for Shared Leads tiles.
2025-03-26T09:30:06.842+0530 INFO Email report triggered.
2025-03-26T09:30:07.846+0530 INFO Resubscribing sharedlead.
2025-03-26T09:30:11.429+0530 INFO Resubscribe action completed and screenshot taken.
2025-03-26T09:30:11.431+0530 INFO Starting Valid Tile action on Shared Leads edit list.
2025-03-26T09:30:11.501+0530 INFO Starting Exclude Tile action on Shared Leads edit list.
2025-03-26T09:30:11.579+0530 INFO Starting Undeliverable Tile action on Shared Leads edit list.
2025-03-26T09:30:11.658+0530 INFO Starting actions on all Shared Leads tiles.
2025-03-26T09:30:13.675+0530 INFO Hovering on Shared Leads section.
2025-03-26T09:30:15.865+0530 INFO Hovered and clicked on Shared Leads section.
2025-03-26T09:30:30.085+0530 INFO Applying filter on Shared Leads.
2025-03-26T09:30:39.034+0530 INFO Filter applied successfully.
2025-03-26T09:30:40.049+0530 INFO Searching with filter.
2025-03-26T09:30:43.304+0530 INFO Filter search applied.
2025-03-26T09:30:44.305+0530 INFO Managing Shared Leads tiles sorting.
2025-03-26T09:31:04.274+0530 INFO Shared Leads tiles sorting completed.
2025-03-26T09:31:05.275+0530 INFO Managing email reports for Shared Leads tiles.
2025-03-26T09:31:06.460+0530 INFO Email report triggered.
2025-03-26T09:31:09.618+0530 INFO Closing the filter.
2025-03-26T09:31:10.745+0530 INFO Filter closed.
2025-03-26T09:31:11.749+0530 INFO Actions on all Shared Leads tiles completed.
2025-03-26T09:31:14.771+0530 INFO Starting actions on Valid Shared Leads tile.
2025-03-26T09:31:17.954+0530 INFO Managing email reports for Shared Leads tiles.
2025-03-26T09:31:19.137+0530 INFO Email report triggered.
2025-03-26T09:31:20.284+0530 INFO Email report for Valid Tile Shared Leads captured.
2025-03-26T09:31:22.290+0530 INFO Starting actions on Exclude Shared Leads tile.
2025-03-26T09:31:24.419+0530 INFO Starting actions on Undeliverable Shared Leads tile.
2025-03-26T09:31:24.497+0530 INFO Starting Unsubscribe action on Shared Leads tile.
2025-03-26T09:31:24.576+0530 INFO Starting sorting actions on Shared Leads.
2025-03-26T09:31:26.594+0530 INFO Hovering on Shared Leads section.
2025-03-26T09:31:28.794+0530 INFO Hovered and clicked on Shared Leads section.
2025-03-26T09:31:39.944+0530 INFO Selecting sorting option '1: Object'
2025-03-26T09:31:39.944+0530 INFO Managing sorting on Shared Leads edit tiles.
2025-03-26T09:31:42.278+0530 INFO Selecting sorting option '2: Object'
2025-03-26T09:31:42.278+0530 INFO Managing sorting on Shared Leads edit tiles.
2025-03-26T09:31:43.646+0530 INFO Selecting sorting option '3: Object'
2025-03-26T09:31:43.646+0530 INFO Managing sorting on Shared Leads edit tiles.
2025-03-26T09:31:44.936+0530 INFO Selecting sorting option '4: Object'
2025-03-26T09:31:44.936+0530 INFO Managing sorting on Shared Leads edit tiles.
2025-03-26T09:31:48.325+0530 INFO Managing Shared Leads Grid actions.
2025-03-26T09:32:00.984+0530 INFO Applying filter on Shared Leads.
2025-03-26T09:32:09.903+0530 INFO Filter applied successfully.
2025-03-26T09:32:10.918+0530 INFO Managing email reports for Shared Leads tiles.
2025-03-26T09:32:12.112+0530 INFO Email report triggered.
2025-03-26T09:32:13.124+0530 INFO Searching with filter.
2025-03-26T09:32:16.413+0530 INFO Filter search applied.
2025-03-26T09:32:17.579+0530 INFO Grid management actions completed.
2025-03-26T09:32:19.592+0530 INFO Hovering on Shared Leads section.
2025-03-26T09:32:21.806+0530 INFO Hovered and clicked on Shared Leads section.
2025-03-26T09:32:24.820+0530 INFO Starting search action on Shared Leads.
2025-03-26T09:32:28.080+0530 INFO Search for 'Auto' in Shared Leads executed.
2025-03-26T10:23:03.741+0530 INFO Successfully open the Web application
2025-03-26T10:23:08.480+0530 INFO Successfully log into the application
2025-03-26T10:23:08.492+0530 INFO Starting Shared Leads Listview Actions on All Tile.
2025-03-26T10:23:13.512+0530 INFO Hovering on Shared Leads section.
2025-03-26T10:23:16.105+0530 INFO Hovered and clicked on Shared Leads section.
2025-03-26T10:23:20.441+0530 INFO Applying filter on Shared Leads.
2025-03-26T10:23:29.604+0530 INFO Filter applied successfully.
2025-03-26T10:23:34.931+0530 INFO Starting sort tests for Shared Leads edit tiles.
2025-03-26T10:23:40.954+0530 INFO Managing sorting on Shared Leads edit tiles.
2025-03-26T10:23:44.524+0530 INFO Managing sorting on Shared Leads edit tiles.
2025-03-26T10:23:48.073+0530 INFO Managing sorting on Shared Leads edit tiles.
2025-03-26T10:23:51.686+0530 INFO Managing sorting on Shared Leads edit tiles.
2025-03-26T10:23:55.345+0530 INFO Managing sorting on Shared Leads edit tiles.
2025-03-26T10:23:58.955+0530 INFO Managing sorting on Shared Leads edit tiles.
2025-03-26T10:24:04.749+0530 INFO Searching with filter.
2025-03-26T10:24:08.204+0530 INFO Filter search applied.
2025-03-26T10:24:09.218+0530 INFO Managing email reports for Shared Leads tiles.
2025-03-26T10:24:10.522+0530 INFO Email report triggered.
2025-03-26T10:24:18.346+0530 INFO Completed Shared Leads Listview Actions on All Tile.
2025-03-26T10:24:18.362+0530 INFO Starting Unsubscribe action on Shared Leads tile.
2025-03-26T10:24:26.762+0530 INFO Searching with filter.
2025-03-26T10:24:30.165+0530 INFO Filter search applied.
2025-03-26T10:24:31.168+0530 INFO Managing email reports for Shared Leads tiles.
2025-03-26T10:24:32.401+0530 INFO Email report triggered.
2025-03-26T10:24:33.411+0530 INFO Resubscribing sharedlead.
2025-03-26T10:24:37.500+0530 INFO Resubscribe action completed and screenshot taken.
2025-03-26T10:24:37.507+0530 INFO Starting Valid Tile action on Shared Leads edit list.
2025-03-26T10:24:37.632+0530 INFO Starting Exclude Tile action on Shared Leads edit list.
2025-03-26T10:24:37.765+0530 INFO Starting Undeliverable Tile action on Shared Leads edit list.
2025-03-26T10:24:37.876+0530 INFO Starting actions on all Shared Leads tiles.
2025-03-26T10:24:39.892+0530 INFO Hovering on Shared Leads section.
2025-03-26T10:24:42.312+0530 INFO Hovered and clicked on Shared Leads section.
2025-03-26T10:24:56.557+0530 INFO Applying filter on Shared Leads.
2025-03-26T10:25:05.756+0530 INFO Filter applied successfully.
2025-03-26T10:25:06.759+0530 INFO Searching with filter.
2025-03-26T10:25:10.114+0530 INFO Filter search applied.
2025-03-26T10:25:11.116+0530 INFO Managing Shared Leads tiles sorting.
2025-03-26T10:25:31.268+0530 INFO Shared Leads tiles sorting completed.
2025-03-26T10:25:32.280+0530 INFO Managing email reports for Shared Leads tiles.
2025-03-26T10:25:33.495+0530 INFO Email report triggered.
2025-03-26T10:25:36.688+0530 INFO Closing the filter.
2025-03-26T10:25:37.953+0530 INFO Filter closed.
2025-03-26T10:25:38.960+0530 INFO Actions on all Shared Leads tiles completed.
2025-03-26T10:25:41.978+0530 INFO Starting actions on Valid Shared Leads tile.
2025-03-26T10:25:45.226+0530 INFO Managing email reports for Shared Leads tiles.
2025-03-26T10:25:46.449+0530 INFO Email report triggered.
2025-03-26T10:25:47.665+0530 INFO Email report for Valid Tile Shared Leads captured.
2025-03-26T10:25:49.679+0530 INFO Starting actions on Exclude Shared Leads tile.
2025-03-26T10:25:51.810+0530 INFO Starting actions on Undeliverable Shared Leads tile.
2025-03-26T10:25:51.945+0530 INFO Starting Unsubscribe action on Shared Leads tile.
2025-03-26T10:25:52.069+0530 INFO Starting sorting actions on Shared Leads.
2025-03-26T10:25:54.084+0530 INFO Hovering on Shared Leads section.
2025-03-26T10:25:56.463+0530 INFO Hovered and clicked on Shared Leads section.
2025-03-26T10:26:07.701+0530 INFO Selecting sorting option '1: Object'
2025-03-26T10:26:07.702+0530 INFO Managing sorting on Shared Leads edit tiles.
2025-03-26T10:26:10.314+0530 INFO Selecting sorting option '2: Object'
2025-03-26T10:26:10.315+0530 INFO Managing sorting on Shared Leads edit tiles.
2025-03-26T10:26:11.891+0530 INFO Selecting sorting option '3: Object'
2025-03-26T10:26:11.892+0530 INFO Managing sorting on Shared Leads edit tiles.
2025-03-26T10:26:13.471+0530 INFO Selecting sorting option '4: Object'
2025-03-26T10:26:13.471+0530 INFO Managing sorting on Shared Leads edit tiles.
2025-03-26T10:26:17.150+0530 INFO Managing Shared Leads Grid actions.
2025-03-26T10:26:30.078+0530 INFO Applying filter on Shared Leads.
2025-03-26T10:26:39.205+0530 INFO Filter applied successfully.
2025-03-26T10:26:40.218+0530 INFO Managing email reports for Shared Leads tiles.
2025-03-26T10:26:41.506+0530 INFO Email report triggered.
2025-03-26T10:26:42.512+0530 INFO Searching with filter.
2025-03-26T10:26:45.884+0530 INFO Filter search applied.
2025-03-26T10:26:47.093+0530 INFO Grid management actions completed.
2025-03-26T10:26:49.099+0530 INFO Hovering on Shared Leads section.
2025-03-26T10:26:51.503+0530 INFO Hovered and clicked on Shared Leads section.
2025-03-26T10:26:54.515+0530 INFO Starting search action on Shared Leads.
2025-03-26T10:26:57.885+0530 INFO Search for 'Auto' in Shared Leads executed.
2025-03-26T10:30:47.341+0530 INFO Successfully open the Web application
2025-03-26T10:30:52.112+0530 INFO Successfully log into the application
2025-03-26T11:20:32.137+0530 INFO Successfully open the Web application
2025-03-26T11:20:36.880+0530 INFO Successfully log into the application
2025-03-26T11:52:39.130+0530 INFO Successfully open the Web application
2025-03-26T11:52:44.089+0530 INFO Successfully log into the application
2025-03-26T12:05:53.467+0530 INFO Successfully open the Web application
2025-03-26T12:05:58.265+0530 INFO Successfully log into the application
2025-03-26T12:13:40.980+0530 INFO Successfully open the Web application
2025-03-26T12:13:45.880+0530 INFO Successfully log into the application
