2024-08-26T18:43:55.739+0530 DEBUG Sorted List name a-z
2024-08-26T18:43:59.855+0530 DEBUG Sorted List name Z-A
2024-08-26T18:44:05.159+0530 DEBUG sorted Creation date (ASC)
2024-08-26T18:44:09.400+0530 DEBUG sorted Creation date (DESC)
2024-08-26T18:44:40.438+0530 DEBUG Deleted shareleads list
2024-08-28T10:36:21.778+0530 DEBUG Starting creating partner using One at a time
2024-08-28T10:36:27.222+0530 DEBUG Starting creating partner using copy from clipboard - tab separated
2024-08-28T10:36:44.682+0530 DEBUG Starting creating partner using copy from clipboard - comma separated
2024-08-28T10:36:48.147+0530 DEBUG Starting creating partner using upload a csv
2024-08-28T10:36:57.161+0530 DEBUG Sorted List name a-z
2024-08-28T10:37:01.275+0530 DEBUG Sorted List name Z-A
2024-08-28T10:37:05.366+0530 DEBUG sorted Creation date (ASC)
2024-08-28T10:37:09.484+0530 DEBUG sorted Creation date (DESC)
2024-08-28T10:37:18.658+0530 DEBUG sorted Assigned date (ASC)
2024-08-28T10:37:23.822+0530 DEBUG sorted Assigned date (DESC)
2024-08-28T10:37:39.911+0530 DEBUG download success
2024-08-28T10:37:42.168+0530 DEBUG cleared text in search field
2024-08-28T10:37:46.335+0530 DEBUG sorted Creation date (DESC)
2024-08-28T10:37:54.128+0530 DEBUG copy&save success
2024-08-28T10:38:01.502+0530 DEBUG click for publish icon
2024-08-28T10:38:10.366+0530 DEBUG click for published
2024-08-28T10:40:52.243+0530 DEBUG Starting creating partner using One at a time
2024-08-28T10:41:14.497+0530 DEBUG Starting creating partner using copy from clipboard - tab separated
2024-08-28T10:41:33.169+0530 DEBUG Starting creating partner using copy from clipboard - comma separated
2024-08-28T10:41:53.151+0530 DEBUG Starting creating partner using upload a csv
2024-08-28T10:42:13.550+0530 DEBUG Sorted List name a-z
2024-08-28T10:42:17.701+0530 DEBUG Sorted List name Z-A
2024-08-28T10:42:21.926+0530 DEBUG sorted Creation date (ASC)
2024-08-28T10:42:26.137+0530 DEBUG sorted Creation date (DESC)
2024-08-28T10:42:35.786+0530 DEBUG sorted Assigned date (ASC)
2024-08-28T10:42:40.937+0530 DEBUG sorted Assigned date (DESC)
2024-08-28T10:42:54.823+0530 DEBUG download success
2024-08-28T10:42:57.106+0530 DEBUG cleared text in search field
2024-08-28T10:43:01.278+0530 DEBUG sorted Creation date (DESC)
2024-08-28T10:43:09.109+0530 DEBUG copy&save success
2024-08-28T10:43:16.586+0530 DEBUG click for publish icon
2024-08-28T10:43:25.612+0530 DEBUG click for published
2024-08-28T11:10:21.321+0530 DEBUG Starting creating partner using One at a time
2024-08-28T11:10:35.486+0530 DEBUG Starting creating partner using copy from clipboard - tab separated
2024-08-28T11:10:55.180+0530 DEBUG Starting creating partner using copy from clipboard - comma separated
2024-08-28T11:11:12.497+0530 DEBUG Starting creating partner using upload a csv
2024-08-28T11:11:32.691+0530 DEBUG Sorted List name a-z
2024-08-28T11:11:36.819+0530 DEBUG Sorted List name Z-A
2024-08-28T11:11:40.935+0530 DEBUG sorted Creation date (ASC)
2024-08-28T11:11:45.423+0530 DEBUG sorted Creation date (DESC)
2024-08-28T11:11:53.990+0530 DEBUG sorted Assigned date (ASC)
2024-08-28T11:11:59.207+0530 DEBUG sorted Assigned date (DESC)
2024-08-28T11:12:11.036+0530 DEBUG Deleted shareleads list
2024-08-28T12:10:44.601+0530 DEBUG Starting creating partner using One at a time
2024-08-28T12:11:10.332+0530 DEBUG Starting creating partner using copy from clipboard - tab separated
2024-08-28T12:11:35.164+0530 DEBUG Starting creating partner using copy from clipboard - comma separated
2024-08-28T12:11:57.647+0530 DEBUG Starting creating partner using upload a csv
2024-08-28T12:12:21.406+0530 DEBUG Sorted List name a-z
2024-08-28T12:12:25.810+0530 DEBUG Sorted List name Z-A
2024-08-28T12:12:30.109+0530 DEBUG sorted Creation date (ASC)
2024-08-28T12:12:34.410+0530 DEBUG sorted Creation date (DESC)
2024-08-28T12:12:45.654+0530 DEBUG sorted Assigned date (ASC)
2024-08-28T12:12:50.859+0530 DEBUG sorted Assigned date (DESC)
2024-08-28T12:13:06.156+0530 DEBUG download success
2024-08-28T12:13:08.517+0530 DEBUG cleared text in search field
2024-08-28T12:13:12.737+0530 DEBUG sorted Creation date (DESC)
2024-08-28T12:13:20.786+0530 DEBUG copy&save success
2024-08-28T12:27:31.573+0530 DEBUG Starting creating partner using One at a time
2024-08-28T12:27:54.838+0530 DEBUG Starting creating partner using copy from clipboard - tab separated
2024-08-28T12:28:16.809+0530 DEBUG Starting creating partner using copy from clipboard - comma separated
2024-08-28T12:28:37.305+0530 DEBUG Starting creating partner using upload a csv
2024-08-28T12:29:02.340+0530 DEBUG Sorted List name a-z
2024-08-28T12:29:06.543+0530 DEBUG Sorted List name Z-A
2024-08-28T12:29:10.811+0530 DEBUG sorted Creation date (ASC)
2024-08-28T12:29:15.941+0530 DEBUG sorted Creation date (DESC)
2024-08-28T12:29:26.675+0530 DEBUG sorted Assigned date (ASC)
2024-08-28T12:29:31.930+0530 DEBUG sorted Assigned date (DESC)
2024-08-28T12:29:47.391+0530 DEBUG download success
2024-08-28T12:29:49.759+0530 DEBUG cleared text in search field
2024-08-28T12:29:53.996+0530 DEBUG sorted Creation date (DESC)
2024-08-28T12:30:01.995+0530 DEBUG copy&save success
2024-08-28T12:30:19.390+0530 DEBUG click for publish icon
2024-08-28T12:30:28.583+0530 DEBUG click for published
2024-08-28T17:03:54.099+0530 DEBUG Starting creating partner using One at a time
2024-08-28T17:04:08.340+0530 DEBUG Starting creating partner using copy from clipboard - tab separated
2024-08-28T17:04:12.525+0530 DEBUG Starting creating partner using copy from clipboard - comma separated
2024-08-28T17:04:17.588+0530 DEBUG Starting creating partner using upload a csv
2024-08-28T17:04:33.085+0530 DEBUG Sorted List name a-z
2024-08-28T17:04:37.194+0530 DEBUG Sorted List name Z-A
2024-08-28T17:08:07.042+0530 DEBUG Starting creating partner using One at a time
2024-08-28T17:08:21.326+0530 DEBUG Starting creating partner using copy from clipboard - tab separated
2024-08-28T17:08:25.494+0530 DEBUG Starting creating partner using copy from clipboard - comma separated
2024-08-28T17:08:31.661+0530 DEBUG Starting creating partner using upload a csv
2024-08-28T17:08:46.196+0530 DEBUG Sorted List name a-z
2024-08-28T17:08:50.293+0530 DEBUG Sorted List name Z-A
2024-08-28T17:08:54.364+0530 DEBUG sorted Creation date (ASC)
2024-08-28T17:08:58.476+0530 DEBUG sorted Creation date (DESC)
2024-08-28T17:09:09.424+0530 DEBUG sorted Assigned date (ASC)
2024-08-28T17:09:14.583+0530 DEBUG sorted Assigned date (DESC)
2024-08-28T17:09:27.068+0530 DEBUG download success
2024-08-28T17:09:29.326+0530 DEBUG cleared text in search field
2024-08-28T17:09:33.472+0530 DEBUG sorted Creation date (DESC)
2024-08-28T17:09:41.221+0530 DEBUG copy&save success
2024-08-28T17:28:01.208+0530 DEBUG Starting creating partner using One at a time
2024-08-28T17:28:16.413+0530 DEBUG Starting creating partner using copy from clipboard - tab separated
2024-08-28T17:28:20.597+0530 DEBUG Starting creating partner using copy from clipboard - comma separated
2024-08-28T17:28:27.904+0530 DEBUG Starting creating partner using upload a csv
2024-08-28T17:28:43.541+0530 DEBUG Sorted List name a-z
2024-08-28T17:28:47.760+0530 DEBUG Sorted List name Z-A
2024-08-28T17:28:51.837+0530 DEBUG sorted Creation date (ASC)
2024-08-28T17:28:55.935+0530 DEBUG sorted Creation date (DESC)
2024-08-28T17:29:06.157+0530 DEBUG sorted Assigned date (ASC)
2024-08-28T17:29:11.254+0530 DEBUG sorted Assigned date (DESC)
2024-08-28T17:29:31.291+0530 DEBUG download success
2024-08-28T17:29:33.529+0530 DEBUG cleared text in search field
2024-08-28T17:29:37.805+0530 DEBUG sorted Creation date (DESC)
2024-08-28T17:29:45.626+0530 DEBUG copy&save success
2024-08-28T17:33:06.990+0530 DEBUG Starting creating partner using One at a time
2024-08-28T17:33:12.527+0530 DEBUG Starting creating partner using copy from clipboard - tab separated
2024-08-28T17:33:16.754+0530 DEBUG Starting creating partner using copy from clipboard - comma separated
2024-08-28T17:33:21.170+0530 DEBUG Starting creating partner using upload a csv
2024-08-28T17:33:31.574+0530 DEBUG Sorted List name a-z
2024-08-28T17:33:35.662+0530 DEBUG Sorted List name Z-A
2024-08-28T17:33:39.732+0530 DEBUG sorted Creation date (ASC)
2024-08-28T17:33:43.823+0530 DEBUG sorted Creation date (DESC)
2024-08-28T17:33:52.015+0530 DEBUG Deleted shareleads list
2024-08-28T17:36:39.461+0530 DEBUG Starting creating partner using One at a time
2024-08-28T17:36:53.741+0530 DEBUG Starting creating partner using copy from clipboard - tab separated
2024-08-28T17:36:57.921+0530 DEBUG Starting creating partner using copy from clipboard - comma separated
2024-08-28T17:37:02.445+0530 DEBUG Starting creating partner using upload a csv
2024-08-28T17:37:11.555+0530 DEBUG Sorted List name a-z
2024-08-28T18:20:01.735+0530 DEBUG Starting creating partner using One at a time
2024-08-28T18:20:07.246+0530 DEBUG Starting creating partner using copy from clipboard - tab separated
2024-08-28T18:20:24.955+0530 DEBUG Starting creating partner using copy from clipboard - comma separated
2024-08-28T18:20:29.460+0530 DEBUG Starting creating partner using upload a csv
2024-08-28T18:20:41.694+0530 DEBUG Sorted List name a-z
2024-08-28T18:20:45.778+0530 DEBUG Sorted List name Z-A
2024-08-28T18:20:49.895+0530 DEBUG sorted Creation date (ASC)
2024-08-28T18:20:53.980+0530 DEBUG sorted Creation date (DESC)
2024-08-28T18:21:04.386+0530 DEBUG sorted Assigned date (ASC)
2024-08-28T18:21:09.579+0530 DEBUG sorted Assigned date (DESC)
2024-08-28T18:21:25.024+0530 DEBUG download success
2024-08-28T18:21:27.288+0530 DEBUG cleared text in search field
2024-08-28T18:21:31.459+0530 DEBUG sorted Creation date (DESC)
2024-08-28T18:21:39.191+0530 DEBUG copy&save success
2024-08-28T18:21:58.975+0530 DEBUG Deleted shareleads list
2024-08-29T09:43:45.875+0530 DEBUG Starting creating partner using One at a time
2024-08-29T09:44:04.416+0530 DEBUG Starting creating partner using copy from clipboard - tab separated
2024-08-29T09:44:28.062+0530 DEBUG Starting creating partner using copy from clipboard - comma separated
2024-08-29T09:44:50.684+0530 DEBUG Starting creating partner using upload a csv
2024-08-29T09:45:14.696+0530 DEBUG Sorted List name a-z
2024-08-29T09:45:18.884+0530 DEBUG Sorted List name Z-A
2024-08-29T09:45:23.142+0530 DEBUG sorted Creation date (ASC)
2024-08-29T09:45:27.384+0530 DEBUG sorted Creation date (DESC)
2024-08-29T09:45:38.195+0530 DEBUG sorted Assigned date (ASC)
2024-08-29T09:45:43.423+0530 DEBUG sorted Assigned date (DESC)
2024-08-29T09:45:56.942+0530 DEBUG download success
2024-08-29T09:45:59.326+0530 DEBUG cleared text in search field
2024-08-29T09:46:03.588+0530 DEBUG sorted Creation date (DESC)
2024-08-29T09:46:11.502+0530 DEBUG copy&save success
2024-08-29T09:46:27.446+0530 DEBUG click for publish icon
2024-08-29T09:46:36.657+0530 DEBUG click for published
2024-08-29T10:18:08.924+0530 DEBUG Starting creating partner using One at a time
2024-08-29T10:19:14.986+0530 DEBUG Starting creating partner using copy from clipboard - comma separated
2024-08-29T10:19:30.064+0530 DEBUG Starting creating partner using upload a csv
2024-08-29T10:19:54.137+0530 DEBUG Sorted List name a-z
2024-08-29T10:19:58.335+0530 DEBUG Sorted List name Z-A
2024-08-29T10:20:02.568+0530 DEBUG sorted Creation date (ASC)
2024-08-29T10:20:06.811+0530 DEBUG sorted Creation date (DESC)
2024-08-29T10:20:17.494+0530 DEBUG sorted Assigned date (ASC)
2024-08-29T10:20:22.761+0530 DEBUG sorted Assigned date (DESC)
2024-08-29T10:20:38.181+0530 DEBUG download success
2024-08-29T10:20:40.571+0530 DEBUG cleared text in search field
2024-08-29T10:20:44.805+0530 DEBUG sorted Creation date (DESC)
2024-08-29T10:20:52.849+0530 DEBUG copy&save success
2024-08-29T10:21:00.409+0530 DEBUG click for publish icon
2024-08-29T10:21:09.737+0530 DEBUG click for published
2024-08-29T10:31:14.075+0530 DEBUG Starting creating partner using One at a time
2024-08-29T10:31:35.679+0530 DEBUG Starting creating partner using copy from clipboard - tab separated
2024-08-29T10:31:39.965+0530 DEBUG Starting creating partner using copy from clipboard - comma separated
2024-08-29T10:31:49.474+0530 DEBUG Starting creating partner using upload a csv
2024-08-29T10:32:02.121+0530 DEBUG Sorted List name a-z
2024-08-29T10:32:06.259+0530 DEBUG Sorted List name Z-A
2024-08-29T10:32:13.434+0530 DEBUG sorted Creation date (ASC)
2024-08-29T10:32:17.771+0530 DEBUG sorted Creation date (DESC)
2024-08-29T10:32:27.149+0530 DEBUG Deleted shareleads list
2025-03-14T17:09:37.564+0530 DEBUG Sharedleads-Valid tile is disabled because its count is '0' or it's not visible.
2025-03-14T17:09:53.849+0530 DEBUG Clicking on shared lead in partner account.
2025-03-14T17:10:33.594+0530 DEBUG Sharedleads-exclude[from All] tile is disabled because its count is '0' or it's not visible.
2025-03-14T17:10:33.693+0530 DEBUG Undeliverabletile count is 0 & button is disabled, cannot click for shared leads.
2025-03-14T17:10:33.776+0530 DEBUG Unsubscribe tile is either disabled or count is 0. Skipping click.
